{"C:\\apps\\VendaMais\\utils\\ability.js": {"path":"C:\\apps\\VendaMais\\utils\\ability.js","statementMap":{"0":{"start":{"line":1,"column":47},"end":{"line":1,"column":71}},"1":{"start":{"line":4,"column":33},"end":{"line":4,"column":71}},"2":{"start":{"line":6,"column":2},"end":{"line":8,"column":3}},"3":{"start":{"line":7,"column":4},"end":{"line":7,"column":19}},"4":{"start":{"line":10,"column":2},"end":{"line":36,"column":3}},"5":{"start":{"line":11,"column":4},"end":{"line":11,"column":25}},"6":{"start":{"line":12,"column":9},"end":{"line":36,"column":3}},"7":{"start":{"line":14,"column":4},"end":{"line":14,"column":58}},"8":{"start":{"line":17,"column":4},"end":{"line":17,"column":38}},"9":{"start":{"line":18,"column":4},"end":{"line":18,"column":33}},"10":{"start":{"line":19,"column":9},"end":{"line":36,"column":3}},"11":{"start":{"line":21,"column":4},"end":{"line":21,"column":56}},"12":{"start":{"line":22,"column":4},"end":{"line":22,"column":62}},"13":{"start":{"line":23,"column":4},"end":{"line":23,"column":68}},"14":{"start":{"line":24,"column":4},"end":{"line":24,"column":63}},"15":{"start":{"line":25,"column":4},"end":{"line":25,"column":63}},"16":{"start":{"line":28,"column":4},"end":{"line":28,"column":32}},"17":{"start":{"line":29,"column":4},"end":{"line":29,"column":29}},"18":{"start":{"line":30,"column":4},"end":{"line":30,"column":52}},"19":{"start":{"line":31,"column":4},"end":{"line":31,"column":41}},"20":{"start":{"line":32,"column":9},"end":{"line":36,"column":3}},"21":{"start":{"line":34,"column":4},"end":{"line":34,"column":60}},"22":{"start":{"line":35,"column":4},"end":{"line":35,"column":61}},"23":{"start":{"line":38,"column":2},"end":{"line":38,"column":17}},"24":{"start":{"line":41,"column":0},"end":{"line":41,"column":40}}},"fnMap":{"0":{"name":"defineAbilitiesFor","decl":{"start":{"line":3,"column":9},"end":{"line":3,"column":27}},"loc":{"start":{"line":3,"column":34},"end":{"line":39,"column":1}},"line":3}},"branchMap":{"0":{"loc":{"start":{"line":6,"column":2},"end":{"line":8,"column":3}},"type":"if","locations":[{"start":{"line":6,"column":2},"end":{"line":8,"column":3}},{"start":{},"end":{}}],"line":6},"1":{"loc":{"start":{"line":10,"column":2},"end":{"line":36,"column":3}},"type":"if","locations":[{"start":{"line":10,"column":2},"end":{"line":36,"column":3}},{"start":{"line":12,"column":9},"end":{"line":36,"column":3}}],"line":10},"2":{"loc":{"start":{"line":12,"column":9},"end":{"line":36,"column":3}},"type":"if","locations":[{"start":{"line":12,"column":9},"end":{"line":36,"column":3}},{"start":{"line":19,"column":9},"end":{"line":36,"column":3}}],"line":12},"3":{"loc":{"start":{"line":19,"column":9},"end":{"line":36,"column":3}},"type":"if","locations":[{"start":{"line":19,"column":9},"end":{"line":36,"column":3}},{"start":{"line":32,"column":9},"end":{"line":36,"column":3}}],"line":19},"4":{"loc":{"start":{"line":32,"column":9},"end":{"line":36,"column":3}},"type":"if","locations":[{"start":{"line":32,"column":9},"end":{"line":36,"column":3}},{"start":{},"end":{}}],"line":32}},"s":{"0":1,"1":5,"2":5,"3":1,"4":4,"5":1,"6":3,"7":1,"8":1,"9":1,"10":2,"11":1,"12":1,"13":1,"14":1,"15":1,"16":1,"17":1,"18":1,"19":1,"20":1,"21":1,"22":1,"23":4,"24":1},"f":{"0":5},"b":{"0":[1,4],"1":[1,3],"2":[1,2],"3":[1,1],"4":[1,0]},"_coverageSchema":"1a1c01bbd47fc00a2c39e90264f33305004495a9","hash":"5f9af18901554ba4de481cfc9a845185b6537983"}
}
