{"C:\\apps\\VendaMais\\app.js": {"path":"C:\\apps\\VendaMais\\app.js","statementMap":{"0":{"start":{"line":2,"column":0},"end":{"line":2,"column":27}},"1":{"start":{"line":3,"column":18},"end":{"line":3,"column":40}},"2":{"start":{"line":4,"column":14},"end":{"line":4,"column":32}},"3":{"start":{"line":5,"column":11},"end":{"line":5,"column":26}},"4":{"start":{"line":6,"column":19},"end":{"line":6,"column":43}},"5":{"start":{"line":7,"column":13},"end":{"line":7,"column":30}},"6":{"start":{"line":8,"column":21},"end":{"line":8,"column":51}},"7":{"start":{"line":9,"column":14},"end":{"line":9,"column":40}},"8":{"start":{"line":10,"column":18},"end":{"line":10,"column":43}},"9":{"start":{"line":11,"column":18},"end":{"line":11,"column":43}},"10":{"start":{"line":12,"column":18},"end":{"line":12,"column":43}},"11":{"start":{"line":13,"column":10},"end":{"line":13,"column":19}},"12":{"start":{"line":16,"column":0},"end":{"line":16,"column":48}},"13":{"start":{"line":17,"column":0},"end":{"line":17,"column":30}},"14":{"start":{"line":18,"column":0},"end":{"line":18,"column":24}},"15":{"start":{"line":20,"column":0},"end":{"line":20,"column":23}},"16":{"start":{"line":21,"column":0},"end":{"line":21,"column":24}},"17":{"start":{"line":22,"column":0},"end":{"line":22,"column":49}},"18":{"start":{"line":23,"column":0},"end":{"line":23,"column":24}},"19":{"start":{"line":24,"column":0},"end":{"line":24,"column":56}},"20":{"start":{"line":26,"column":0},"end":{"line":34,"column":4}},"21":{"start":{"line":37,"column":0},"end":{"line":49,"column":3}},"22":{"start":{"line":38,"column":2},"end":{"line":38,"column":45}},"23":{"start":{"line":41,"column":2},"end":{"line":46,"column":3}},"24":{"start":{"line":42,"column":4},"end":{"line":42,"column":55}},"25":{"start":{"line":43,"column":4},"end":{"line":43,"column":36}},"26":{"start":{"line":45,"column":4},"end":{"line":45,"column":35}},"27":{"start":{"line":48,"column":2},"end":{"line":48,"column":9}},"28":{"start":{"line":52,"column":0},"end":{"line":52,"column":26}},"29":{"start":{"line":53,"column":0},"end":{"line":53,"column":29}},"30":{"start":{"line":54,"column":0},"end":{"line":54,"column":31}},"31":{"start":{"line":58,"column":0},"end":{"line":60,"column":3}},"32":{"start":{"line":59,"column":2},"end":{"line":59,"column":25}},"33":{"start":{"line":63,"column":0},"end":{"line":82,"column":3}},"34":{"start":{"line":64,"column":17},"end":{"line":64,"column":34}},"35":{"start":{"line":65,"column":2},"end":{"line":65,"column":21}},"36":{"start":{"line":68,"column":17},"end":{"line":73,"column":3}},"37":{"start":{"line":75,"column":19},"end":{"line":75,"column":87}},"38":{"start":{"line":77,"column":2},"end":{"line":81,"column":5}},"39":{"start":{"line":84,"column":0},"end":{"line":84,"column":21}}},"fnMap":{"0":{"name":"(anonymous_0)","decl":{"start":{"line":37,"column":8},"end":{"line":37,"column":9}},"loc":{"start":{"line":37,"column":28},"end":{"line":49,"column":1}},"line":37},"1":{"name":"(anonymous_1)","decl":{"start":{"line":58,"column":8},"end":{"line":58,"column":9}},"loc":{"start":{"line":58,"column":33},"end":{"line":60,"column":1}},"line":58},"2":{"name":"(anonymous_2)","decl":{"start":{"line":63,"column":8},"end":{"line":63,"column":9}},"loc":{"start":{"line":63,"column":38},"end":{"line":82,"column":1}},"line":63}},"branchMap":{"0":{"loc":{"start":{"line":38,"column":20},"end":{"line":38,"column":44}},"type":"binary-expr","locations":[{"start":{"line":38,"column":20},"end":{"line":38,"column":36}},{"start":{"line":38,"column":40},"end":{"line":38,"column":44}}],"line":38},"1":{"loc":{"start":{"line":41,"column":2},"end":{"line":46,"column":3}},"type":"if","locations":[{"start":{"line":41,"column":2},"end":{"line":46,"column":3}},{"start":{"line":44,"column":9},"end":{"line":46,"column":3}}],"line":41},"2":{"loc":{"start":{"line":64,"column":17},"end":{"line":64,"column":34}},"type":"binary-expr","locations":[{"start":{"line":64,"column":17},"end":{"line":64,"column":27}},{"start":{"line":64,"column":31},"end":{"line":64,"column":34}}],"line":64},"3":{"loc":{"start":{"line":75,"column":19},"end":{"line":75,"column":87}},"type":"cond-expr","locations":[{"start":{"line":75,"column":59},"end":{"line":75,"column":77}},{"start":{"line":75,"column":80},"end":{"line":75,"column":87}}],"line":75},"4":{"loc":{"start":{"line":78,"column":11},"end":{"line":78,"column":35}},"type":"binary-expr","locations":[{"start":{"line":78,"column":11},"end":{"line":78,"column":25}},{"start":{"line":78,"column":29},"end":{"line":78,"column":35}}],"line":78},"5":{"loc":{"start":{"line":80,"column":11},"end":{"line":80,"column":58}},"type":"cond-expr","locations":[{"start":{"line":80,"column":50},"end":{"line":80,"column":53}},{"start":{"line":80,"column":56},"end":{"line":80,"column":58}}],"line":80}},"s":{"0":2,"1":2,"2":2,"3":2,"4":2,"5":2,"6":2,"7":2,"8":2,"9":2,"10":2,"11":2,"12":2,"13":2,"14":2,"15":2,"16":2,"17":2,"18":2,"19":2,"20":2,"21":2,"22":4,"23":4,"24":0,"25":0,"26":4,"27":4,"28":2,"29":2,"30":2,"31":2,"32":0,"33":2,"34":0,"35":0,"36":0,"37":0,"38":0,"39":2},"f":{"0":4,"1":0,"2":0},"b":{"0":[4,3],"1":[0,4],"2":[0,0],"3":[0,0],"4":[0,0],"5":[0,0]},"_coverageSchema":"1a1c01bbd47fc00a2c39e90264f33305004495a9","hash":"e7b7173c65b0d75aad546430460c0185b63caa79"}
,"C:\\apps\\VendaMais\\controllers\\admin\\AdminController.js": {"path":"C:\\apps\\VendaMais\\controllers\\admin\\AdminController.js","statementMap":{"0":{"start":{"line":3,"column":8},"end":{"line":14,"column":9}},"1":{"start":{"line":5,"column":12},"end":{"line":11,"column":14}},"2":{"start":{"line":13,"column":12},"end":{"line":13,"column":24}},"3":{"start":{"line":18,"column":0},"end":{"line":18,"column":39}}},"fnMap":{"0":{"name":"(anonymous_0)","decl":{"start":{"line":2,"column":4},"end":{"line":2,"column":5}},"loc":{"start":{"line":2,"column":26},"end":{"line":15,"column":5}},"line":2}},"branchMap":{},"s":{"0":0,"1":0,"2":0,"3":2},"f":{"0":0},"b":{},"_coverageSchema":"1a1c01bbd47fc00a2c39e90264f33305004495a9","hash":"3254e4541d384849b3e7278925a6c5196ff5cad6"}
,"C:\\apps\\VendaMais\\controllers\\admin\\CompanyController.js": {"path":"C:\\apps\\VendaMais\\controllers\\admin\\CompanyController.js","statementMap":{"0":{"start":{"line":1,"column":20},"end":{"line":1,"column":43}},"1":{"start":{"line":3,"column":0},"end":{"line":40,"column":2}},"2":{"start":{"line":6,"column":4},"end":{"line":11,"column":5}},"3":{"start":{"line":7,"column":24},"end":{"line":7,"column":47}},"4":{"start":{"line":8,"column":6},"end":{"line":8,"column":27}},"5":{"start":{"line":10,"column":6},"end":{"line":10,"column":16}},"6":{"start":{"line":16,"column":4},"end":{"line":22,"column":5}},"7":{"start":{"line":17,"column":43},"end":{"line":17,"column":51}},"8":{"start":{"line":18,"column":22},"end":{"line":18,"column":72}},"9":{"start":{"line":19,"column":6},"end":{"line":19,"column":25}},"10":{"start":{"line":21,"column":6},"end":{"line":21,"column":16}},"11":{"start":{"line":27,"column":4},"end":{"line":38,"column":5}},"12":{"start":{"line":28,"column":21},"end":{"line":28,"column":31}},"13":{"start":{"line":29,"column":22},"end":{"line":29,"column":48}},"14":{"start":{"line":30,"column":6},"end":{"line":32,"column":7}},"15":{"start":{"line":31,"column":8},"end":{"line":31,"column":45}},"16":{"start":{"line":33,"column":6},"end":{"line":33,"column":75}},"17":{"start":{"line":34,"column":6},"end":{"line":34,"column":27}},"18":{"start":{"line":35,"column":6},"end":{"line":35,"column":25}},"19":{"start":{"line":37,"column":6},"end":{"line":37,"column":16}}},"fnMap":{"0":{"name":"(anonymous_0)","decl":{"start":{"line":5,"column":2},"end":{"line":5,"column":3}},"loc":{"start":{"line":5,"column":32},"end":{"line":12,"column":3}},"line":5},"1":{"name":"(anonymous_1)","decl":{"start":{"line":15,"column":2},"end":{"line":15,"column":3}},"loc":{"start":{"line":15,"column":32},"end":{"line":23,"column":3}},"line":15},"2":{"name":"(anonymous_2)","decl":{"start":{"line":26,"column":2},"end":{"line":26,"column":3}},"loc":{"start":{"line":26,"column":31},"end":{"line":39,"column":3}},"line":26}},"branchMap":{"0":{"loc":{"start":{"line":30,"column":6},"end":{"line":32,"column":7}},"type":"if","locations":[{"start":{"line":30,"column":6},"end":{"line":32,"column":7}},{"start":{},"end":{}}],"line":30},"1":{"loc":{"start":{"line":33,"column":23},"end":{"line":33,"column":74}},"type":"cond-expr","locations":[{"start":{"line":33,"column":53},"end":{"line":33,"column":63}},{"start":{"line":33,"column":66},"end":{"line":33,"column":74}}],"line":33}},"s":{"0":2,"1":2,"2":0,"3":0,"4":0,"5":0,"6":0,"7":0,"8":0,"9":0,"10":0,"11":0,"12":0,"13":0,"14":0,"15":0,"16":0,"17":0,"18":0,"19":0},"f":{"0":0,"1":0,"2":0},"b":{"0":[0,0],"1":[0,0]},"_coverageSchema":"1a1c01bbd47fc00a2c39e90264f33305004495a9","hash":"d4020b632f01e7a31454d541fc6c946eb7adceef"}
,"C:\\apps\\VendaMais\\controllers\\site\\AuthController.js": {"path":"C:\\apps\\VendaMais\\controllers\\site\\AuthController.js","statementMap":{"0":{"start":{"line":1,"column":26},"end":{"line":1,"column":49}},"1":{"start":{"line":2,"column":15},"end":{"line":2,"column":34}},"2":{"start":{"line":4,"column":0},"end":{"line":97,"column":2}},"3":{"start":{"line":7,"column":4},"end":{"line":9,"column":6}},"4":{"start":{"line":14,"column":32},"end":{"line":14,"column":40}},"5":{"start":{"line":15,"column":17},"end":{"line":15,"column":57}},"6":{"start":{"line":17,"column":4},"end":{"line":19,"column":5}},"7":{"start":{"line":18,"column":6},"end":{"line":18,"column":51}},"8":{"start":{"line":21,"column":24},"end":{"line":27,"column":5}},"9":{"start":{"line":29,"column":25},"end":{"line":29,"column":66}},"10":{"start":{"line":31,"column":4},"end":{"line":31,"column":41}},"11":{"start":{"line":36,"column":4},"end":{"line":38,"column":6}},"12":{"start":{"line":43,"column":52},"end":{"line":43,"column":60}},"13":{"start":{"line":46,"column":25},"end":{"line":46,"column":65}},"14":{"start":{"line":47,"column":4},"end":{"line":49,"column":5}},"15":{"start":{"line":48,"column":6},"end":{"line":48,"column":52}},"16":{"start":{"line":51,"column":26},"end":{"line":51,"column":49}},"17":{"start":{"line":52,"column":14},"end":{"line":52,"column":43}},"18":{"start":{"line":54,"column":4},"end":{"line":85,"column":5}},"19":{"start":{"line":56,"column":29},"end":{"line":56,"column":39}},"20":{"start":{"line":57,"column":6},"end":{"line":57,"column":59}},"21":{"start":{"line":60,"column":23},"end":{"line":60,"column":87}},"22":{"start":{"line":62,"column":22},"end":{"line":68,"column":28}},"23":{"start":{"line":71,"column":28},"end":{"line":71,"column":59}},"24":{"start":{"line":72,"column":6},"end":{"line":78,"column":29}},"25":{"start":{"line":80,"column":6},"end":{"line":80,"column":23}},"26":{"start":{"line":81,"column":6},"end":{"line":81,"column":31}},"27":{"start":{"line":83,"column":6},"end":{"line":83,"column":25}},"28":{"start":{"line":84,"column":6},"end":{"line":84,"column":16}},"29":{"start":{"line":90,"column":4},"end":{"line":95,"column":7}},"30":{"start":{"line":91,"column":6},"end":{"line":94,"column":9}},"31":{"start":{"line":92,"column":8},"end":{"line":92,"column":29}},"32":{"start":{"line":92,"column":17},"end":{"line":92,"column":29}},"33":{"start":{"line":93,"column":8},"end":{"line":93,"column":59}}},"fnMap":{"0":{"name":"(anonymous_0)","decl":{"start":{"line":6,"column":2},"end":{"line":6,"column":3}},"loc":{"start":{"line":6,"column":28},"end":{"line":10,"column":3}},"line":6},"1":{"name":"(anonymous_1)","decl":{"start":{"line":13,"column":2},"end":{"line":13,"column":3}},"loc":{"start":{"line":13,"column":24},"end":{"line":32,"column":3}},"line":13},"2":{"name":"(anonymous_2)","decl":{"start":{"line":35,"column":2},"end":{"line":35,"column":3}},"loc":{"start":{"line":35,"column":31},"end":{"line":39,"column":3}},"line":35},"3":{"name":"(anonymous_3)","decl":{"start":{"line":42,"column":2},"end":{"line":42,"column":3}},"loc":{"start":{"line":42,"column":27},"end":{"line":86,"column":3}},"line":42},"4":{"name":"(anonymous_4)","decl":{"start":{"line":89,"column":2},"end":{"line":89,"column":3}},"loc":{"start":{"line":89,"column":25},"end":{"line":96,"column":3}},"line":89},"5":{"name":"(anonymous_5)","decl":{"start":{"line":90,"column":23},"end":{"line":90,"column":24}},"loc":{"start":{"line":90,"column":44},"end":{"line":95,"column":5}},"line":90},"6":{"name":"(anonymous_6)","decl":{"start":{"line":91,"column":26},"end":{"line":91,"column":27}},"loc":{"start":{"line":91,"column":35},"end":{"line":94,"column":7}},"line":91}},"branchMap":{"0":{"loc":{"start":{"line":17,"column":4},"end":{"line":19,"column":5}},"type":"if","locations":[{"start":{"line":17,"column":4},"end":{"line":19,"column":5}},{"start":{},"end":{}}],"line":17},"1":{"loc":{"start":{"line":17,"column":8},"end":{"line":17,"column":70}},"type":"binary-expr","locations":[{"start":{"line":17,"column":8},"end":{"line":17,"column":13}},{"start":{"line":17,"column":17},"end":{"line":17,"column":70}}],"line":17},"2":{"loc":{"start":{"line":29,"column":25},"end":{"line":29,"column":66}},"type":"cond-expr","locations":[{"start":{"line":29,"column":49},"end":{"line":29,"column":57}},{"start":{"line":29,"column":60},"end":{"line":29,"column":66}}],"line":29},"3":{"loc":{"start":{"line":47,"column":4},"end":{"line":49,"column":5}},"type":"if","locations":[{"start":{"line":47,"column":4},"end":{"line":49,"column":5}},{"start":{},"end":{}}],"line":47},"4":{"loc":{"start":{"line":92,"column":8},"end":{"line":92,"column":29}},"type":"if","locations":[{"start":{"line":92,"column":8},"end":{"line":92,"column":29}},{"start":{},"end":{}}],"line":92}},"s":{"0":2,"1":2,"2":2,"3":1,"4":1,"5":1,"6":1,"7":0,"8":1,"9":1,"10":1,"11":1,"12":0,"13":0,"14":0,"15":0,"16":0,"17":0,"18":0,"19":0,"20":0,"21":0,"22":0,"23":0,"24":0,"25":0,"26":0,"27":0,"28":0,"29":0,"30":0,"31":0,"32":0,"33":0},"f":{"0":1,"1":1,"2":1,"3":0,"4":0,"5":0,"6":0},"b":{"0":[0,1],"1":[1,1],"2":[0,1],"3":[0,0],"4":[0,0]},"_coverageSchema":"1a1c01bbd47fc00a2c39e90264f33305004495a9","hash":"d1105cdccf0dbec69785bf2b87693401214b30a5"}
,"C:\\apps\\VendaMais\\controllers\\site\\SiteController.js": {"path":"C:\\apps\\VendaMais\\controllers\\site\\SiteController.js","statementMap":{"0":{"start":{"line":3,"column":8},"end":{"line":15,"column":9}},"1":{"start":{"line":5,"column":12},"end":{"line":12,"column":14}},"2":{"start":{"line":14,"column":12},"end":{"line":14,"column":24}},"3":{"start":{"line":19,"column":0},"end":{"line":19,"column":38}}},"fnMap":{"0":{"name":"(anonymous_0)","decl":{"start":{"line":2,"column":4},"end":{"line":2,"column":5}},"loc":{"start":{"line":2,"column":26},"end":{"line":16,"column":5}},"line":2}},"branchMap":{},"s":{"0":0,"1":0,"2":0,"3":2},"f":{"0":0},"b":{},"_coverageSchema":"1a1c01bbd47fc00a2c39e90264f33305004495a9","hash":"e09c6ebd5ecb0bbfbde7c429c529300680ada9f7"}
,"C:\\apps\\VendaMais\\controllers\\user\\CategoryController.js": {"path":"C:\\apps\\VendaMais\\controllers\\user\\CategoryController.js","statementMap":{"0":{"start":{"line":1,"column":21},"end":{"line":1,"column":44}},"1":{"start":{"line":3,"column":0},"end":{"line":64,"column":2}},"2":{"start":{"line":5,"column":4},"end":{"line":14,"column":5}},"3":{"start":{"line":6,"column":29},"end":{"line":6,"column":37}},"4":{"start":{"line":7,"column":25},"end":{"line":10,"column":8}},"5":{"start":{"line":11,"column":6},"end":{"line":11,"column":28}},"6":{"start":{"line":13,"column":6},"end":{"line":13,"column":16}},"7":{"start":{"line":18,"column":4},"end":{"line":31,"column":5}},"8":{"start":{"line":19,"column":43},"end":{"line":19,"column":51}},"9":{"start":{"line":20,"column":29},"end":{"line":20,"column":37}},"10":{"start":{"line":22,"column":23},"end":{"line":27,"column":8}},"11":{"start":{"line":28,"column":6},"end":{"line":28,"column":41}},"12":{"start":{"line":30,"column":6},"end":{"line":30,"column":16}},"13":{"start":{"line":35,"column":4},"end":{"line":47,"column":5}},"14":{"start":{"line":36,"column":21},"end":{"line":36,"column":31}},"15":{"start":{"line":37,"column":43},"end":{"line":37,"column":51}},"16":{"start":{"line":38,"column":29},"end":{"line":38,"column":37}},"17":{"start":{"line":40,"column":23},"end":{"line":40,"column":76}},"18":{"start":{"line":41,"column":6},"end":{"line":41,"column":65}},"19":{"start":{"line":41,"column":21},"end":{"line":41,"column":65}},"20":{"start":{"line":43,"column":6},"end":{"line":43,"column":58}},"21":{"start":{"line":44,"column":6},"end":{"line":44,"column":31}},"22":{"start":{"line":46,"column":6},"end":{"line":46,"column":16}},"23":{"start":{"line":51,"column":4},"end":{"line":62,"column":5}},"24":{"start":{"line":52,"column":21},"end":{"line":52,"column":31}},"25":{"start":{"line":53,"column":29},"end":{"line":53,"column":37}},"26":{"start":{"line":55,"column":23},"end":{"line":55,"column":76}},"27":{"start":{"line":56,"column":6},"end":{"line":56,"column":65}},"28":{"start":{"line":56,"column":21},"end":{"line":56,"column":65}},"29":{"start":{"line":58,"column":6},"end":{"line":58,"column":31}},"30":{"start":{"line":59,"column":6},"end":{"line":59,"column":31}},"31":{"start":{"line":61,"column":6},"end":{"line":61,"column":16}}},"fnMap":{"0":{"name":"(anonymous_0)","decl":{"start":{"line":4,"column":2},"end":{"line":4,"column":3}},"loc":{"start":{"line":4,"column":24},"end":{"line":15,"column":3}},"line":4},"1":{"name":"(anonymous_1)","decl":{"start":{"line":17,"column":2},"end":{"line":17,"column":3}},"loc":{"start":{"line":17,"column":24},"end":{"line":32,"column":3}},"line":17},"2":{"name":"(anonymous_2)","decl":{"start":{"line":34,"column":2},"end":{"line":34,"column":3}},"loc":{"start":{"line":34,"column":25},"end":{"line":48,"column":3}},"line":34},"3":{"name":"(anonymous_3)","decl":{"start":{"line":50,"column":2},"end":{"line":50,"column":3}},"loc":{"start":{"line":50,"column":26},"end":{"line":63,"column":3}},"line":50}},"branchMap":{"0":{"loc":{"start":{"line":41,"column":6},"end":{"line":41,"column":65}},"type":"if","locations":[{"start":{"line":41,"column":6},"end":{"line":41,"column":65}},{"start":{},"end":{}}],"line":41},"1":{"loc":{"start":{"line":56,"column":6},"end":{"line":56,"column":65}},"type":"if","locations":[{"start":{"line":56,"column":6},"end":{"line":56,"column":65}},{"start":{},"end":{}}],"line":56}},"s":{"0":2,"1":2,"2":0,"3":0,"4":0,"5":0,"6":0,"7":0,"8":0,"9":0,"10":0,"11":0,"12":0,"13":0,"14":0,"15":0,"16":0,"17":0,"18":0,"19":0,"20":0,"21":0,"22":0,"23":0,"24":0,"25":0,"26":0,"27":0,"28":0,"29":0,"30":0,"31":0},"f":{"0":0,"1":0,"2":0,"3":0},"b":{"0":[0,0],"1":[0,0]},"_coverageSchema":"1a1c01bbd47fc00a2c39e90264f33305004495a9","hash":"0516ba9b3cf1725fd858385ac37eb63314688ab6"}
,"C:\\apps\\VendaMais\\controllers\\user\\DashboardController.js": {"path":"C:\\apps\\VendaMais\\controllers\\user\\DashboardController.js","statementMap":{"0":{"start":{"line":1,"column":31},"end":{"line":1,"column":54}},"1":{"start":{"line":5,"column":8},"end":{"line":50,"column":9}},"2":{"start":{"line":6,"column":35},"end":{"line":6,"column":43}},"3":{"start":{"line":9,"column":35},"end":{"line":11,"column":14}},"4":{"start":{"line":14,"column":37},"end":{"line":19,"column":14}},"5":{"start":{"line":22,"column":41},"end":{"line":28,"column":14}},"6":{"start":{"line":30,"column":35},"end":{"line":32,"column":19}},"7":{"start":{"line":35,"column":31},"end":{"line":37,"column":19}},"8":{"start":{"line":39,"column":12},"end":{"line":47,"column":14}},"9":{"start":{"line":49,"column":12},"end":{"line":49,"column":24}},"10":{"start":{"line":54,"column":0},"end":{"line":54,"column":43}}},"fnMap":{"0":{"name":"(anonymous_0)","decl":{"start":{"line":4,"column":4},"end":{"line":4,"column":5}},"loc":{"start":{"line":4,"column":26},"end":{"line":51,"column":5}},"line":4}},"branchMap":{"0":{"loc":{"start":{"line":30,"column":35},"end":{"line":32,"column":19}},"type":"cond-expr","locations":[{"start":{"line":31,"column":18},"end":{"line":31,"column":61}},{"start":{"line":32,"column":18},"end":{"line":32,"column":19}}],"line":30},"1":{"loc":{"start":{"line":30,"column":35},"end":{"line":30,"column":90}},"type":"binary-expr","locations":[{"start":{"line":30,"column":35},"end":{"line":30,"column":55}},{"start":{"line":30,"column":59},"end":{"line":30,"column":90}}],"line":30},"2":{"loc":{"start":{"line":35,"column":31},"end":{"line":37,"column":19}},"type":"binary-expr","locations":[{"start":{"line":35,"column":31},"end":{"line":37,"column":14}},{"start":{"line":37,"column":18},"end":{"line":37,"column":19}}],"line":35}},"s":{"0":2,"1":1,"2":1,"3":1,"4":1,"5":1,"6":1,"7":1,"8":1,"9":0,"10":2},"f":{"0":1},"b":{"0":[1,0],"1":[1,1],"2":[1,0]},"_coverageSchema":"1a1c01bbd47fc00a2c39e90264f33305004495a9","hash":"ba4cb0c1e84af5c06bfc72d31001055f31826989"}
,"C:\\apps\\VendaMais\\controllers\\user\\ProductController.js": {"path":"C:\\apps\\VendaMais\\controllers\\user\\ProductController.js","statementMap":{"0":{"start":{"line":1,"column":40},"end":{"line":1,"column":63}},"1":{"start":{"line":3,"column":0},"end":{"line":79,"column":2}},"2":{"start":{"line":6,"column":4},"end":{"line":23,"column":5}},"3":{"start":{"line":7,"column":29},"end":{"line":7,"column":37}},"4":{"start":{"line":8,"column":23},"end":{"line":14,"column":8}},"5":{"start":{"line":16,"column":25},"end":{"line":16,"column":74}},"6":{"start":{"line":17,"column":24},"end":{"line":17,"column":73}},"7":{"start":{"line":19,"column":6},"end":{"line":19,"column":49}},"8":{"start":{"line":21,"column":6},"end":{"line":21,"column":51}},"9":{"start":{"line":22,"column":6},"end":{"line":22,"column":16}},"10":{"start":{"line":28,"column":4},"end":{"line":49,"column":5}},"11":{"start":{"line":29,"column":29},"end":{"line":29,"column":37}},"12":{"start":{"line":30,"column":120},"end":{"line":30,"column":128}},"13":{"start":{"line":32,"column":22},"end":{"line":44,"column":8}},"14":{"start":{"line":46,"column":6},"end":{"line":46,"column":25}},"15":{"start":{"line":48,"column":6},"end":{"line":48,"column":16}},"16":{"start":{"line":54,"column":4},"end":{"line":77,"column":5}},"17":{"start":{"line":55,"column":29},"end":{"line":55,"column":37}},"18":{"start":{"line":56,"column":21},"end":{"line":56,"column":31}},"19":{"start":{"line":57,"column":105},"end":{"line":57,"column":113}},"20":{"start":{"line":59,"column":22},"end":{"line":59,"column":74}},"21":{"start":{"line":60,"column":6},"end":{"line":60,"column":62}},"22":{"start":{"line":60,"column":20},"end":{"line":60,"column":62}},"23":{"start":{"line":62,"column":6},"end":{"line":72,"column":9}},"24":{"start":{"line":74,"column":6},"end":{"line":74,"column":25}},"25":{"start":{"line":76,"column":6},"end":{"line":76,"column":16}}},"fnMap":{"0":{"name":"(anonymous_0)","decl":{"start":{"line":5,"column":2},"end":{"line":5,"column":3}},"loc":{"start":{"line":5,"column":31},"end":{"line":24,"column":3}},"line":5},"1":{"name":"(anonymous_1)","decl":{"start":{"line":27,"column":2},"end":{"line":27,"column":3}},"loc":{"start":{"line":27,"column":32},"end":{"line":50,"column":3}},"line":27},"2":{"name":"(anonymous_2)","decl":{"start":{"line":53,"column":2},"end":{"line":53,"column":3}},"loc":{"start":{"line":53,"column":32},"end":{"line":78,"column":3}},"line":53}},"branchMap":{"0":{"loc":{"start":{"line":39,"column":24},"end":{"line":39,"column":42}},"type":"binary-expr","locations":[{"start":{"line":39,"column":24},"end":{"line":39,"column":37}},{"start":{"line":39,"column":41},"end":{"line":39,"column":42}}],"line":39},"1":{"loc":{"start":{"line":40,"column":19},"end":{"line":40,"column":33}},"type":"binary-expr","locations":[{"start":{"line":40,"column":19},"end":{"line":40,"column":28}},{"start":{"line":40,"column":32},"end":{"line":40,"column":33}}],"line":40},"2":{"loc":{"start":{"line":41,"column":22},"end":{"line":41,"column":68}},"type":"binary-expr","locations":[{"start":{"line":41,"column":22},"end":{"line":41,"column":43}},{"start":{"line":41,"column":47},"end":{"line":41,"column":68}}],"line":41},"3":{"loc":{"start":{"line":42,"column":21},"end":{"line":42,"column":40}},"type":"binary-expr","locations":[{"start":{"line":42,"column":21},"end":{"line":42,"column":32}},{"start":{"line":42,"column":36},"end":{"line":42,"column":40}}],"line":42},"4":{"loc":{"start":{"line":43,"column":21},"end":{"line":43,"column":40}},"type":"binary-expr","locations":[{"start":{"line":43,"column":21},"end":{"line":43,"column":32}},{"start":{"line":43,"column":36},"end":{"line":43,"column":40}}],"line":43},"5":{"loc":{"start":{"line":60,"column":6},"end":{"line":60,"column":62}},"type":"if","locations":[{"start":{"line":60,"column":6},"end":{"line":60,"column":62}},{"start":{},"end":{}}],"line":60},"6":{"loc":{"start":{"line":68,"column":19},"end":{"line":68,"column":33}},"type":"binary-expr","locations":[{"start":{"line":68,"column":19},"end":{"line":68,"column":28}},{"start":{"line":68,"column":32},"end":{"line":68,"column":33}}],"line":68},"7":{"loc":{"start":{"line":69,"column":22},"end":{"line":69,"column":68}},"type":"binary-expr","locations":[{"start":{"line":69,"column":22},"end":{"line":69,"column":43}},{"start":{"line":69,"column":47},"end":{"line":69,"column":68}}],"line":69},"8":{"loc":{"start":{"line":70,"column":21},"end":{"line":70,"column":40}},"type":"binary-expr","locations":[{"start":{"line":70,"column":21},"end":{"line":70,"column":32}},{"start":{"line":70,"column":36},"end":{"line":70,"column":40}}],"line":70},"9":{"loc":{"start":{"line":71,"column":21},"end":{"line":71,"column":40}},"type":"binary-expr","locations":[{"start":{"line":71,"column":21},"end":{"line":71,"column":32}},{"start":{"line":71,"column":36},"end":{"line":71,"column":40}}],"line":71}},"s":{"0":2,"1":2,"2":0,"3":0,"4":0,"5":0,"6":0,"7":0,"8":0,"9":0,"10":0,"11":0,"12":0,"13":0,"14":0,"15":0,"16":0,"17":0,"18":0,"19":0,"20":0,"21":0,"22":0,"23":0,"24":0,"25":0},"f":{"0":0,"1":0,"2":0},"b":{"0":[0,0],"1":[0,0],"2":[0,0],"3":[0,0],"4":[0,0],"5":[0,0],"6":[0,0],"7":[0,0],"8":[0,0],"9":[0,0]},"_coverageSchema":"1a1c01bbd47fc00a2c39e90264f33305004495a9","hash":"dceb0bf60d8b587a8daf1d4b8aeeab2bbf2e56be"}
,"C:\\apps\\VendaMais\\controllers\\user\\ProfileController.js": {"path":"C:\\apps\\VendaMais\\controllers\\user\\ProfileController.js","statementMap":{"0":{"start":{"line":1,"column":17},"end":{"line":1,"column":40}},"1":{"start":{"line":2,"column":13},"end":{"line":2,"column":28}},"2":{"start":{"line":3,"column":11},"end":{"line":3,"column":24}},"3":{"start":{"line":7,"column":8},"end":{"line":15,"column":9}},"4":{"start":{"line":8,"column":25},"end":{"line":8,"column":57}},"5":{"start":{"line":9,"column":12},"end":{"line":12,"column":14}},"6":{"start":{"line":14,"column":12},"end":{"line":14,"column":24}},"7":{"start":{"line":19,"column":8},"end":{"line":57,"column":9}},"8":{"start":{"line":20,"column":39},"end":{"line":20,"column":47}},"9":{"start":{"line":21,"column":25},"end":{"line":21,"column":57}},"10":{"start":{"line":23,"column":31},"end":{"line":23,"column":49}},"11":{"start":{"line":25,"column":12},"end":{"line":41,"column":13}},"12":{"start":{"line":27,"column":16},"end":{"line":37,"column":17}},"13":{"start":{"line":28,"column":42},"end":{"line":32,"column":21}},"14":{"start":{"line":34,"column":20},"end":{"line":36,"column":21}},"15":{"start":{"line":35,"column":24},"end":{"line":35,"column":53}},"16":{"start":{"line":40,"column":16},"end":{"line":40,"column":76}},"17":{"start":{"line":43,"column":12},"end":{"line":43,"column":42}},"18":{"start":{"line":46,"column":12},"end":{"line":46,"column":46}},"19":{"start":{"line":47,"column":12},"end":{"line":47,"column":50}},"20":{"start":{"line":49,"column":12},"end":{"line":52,"column":14}},"21":{"start":{"line":54,"column":12},"end":{"line":54,"column":37}},"22":{"start":{"line":56,"column":12},"end":{"line":56,"column":24}},"23":{"start":{"line":61,"column":0},"end":{"line":61,"column":41}}},"fnMap":{"0":{"name":"(anonymous_0)","decl":{"start":{"line":6,"column":4},"end":{"line":6,"column":5}},"loc":{"start":{"line":6,"column":26},"end":{"line":16,"column":5}},"line":6},"1":{"name":"(anonymous_1)","decl":{"start":{"line":18,"column":8},"end":{"line":18,"column":9}},"loc":{"start":{"line":18,"column":31},"end":{"line":58,"column":5}},"line":18}},"branchMap":{"0":{"loc":{"start":{"line":25,"column":12},"end":{"line":41,"column":13}},"type":"if","locations":[{"start":{"line":25,"column":12},"end":{"line":41,"column":13}},{"start":{},"end":{}}],"line":25},"1":{"loc":{"start":{"line":27,"column":16},"end":{"line":37,"column":17}},"type":"if","locations":[{"start":{"line":27,"column":16},"end":{"line":37,"column":17}},{"start":{},"end":{}}],"line":27},"2":{"loc":{"start":{"line":34,"column":20},"end":{"line":36,"column":21}},"type":"if","locations":[{"start":{"line":34,"column":20},"end":{"line":36,"column":21}},{"start":{},"end":{}}],"line":34}},"s":{"0":2,"1":2,"2":2,"3":0,"4":0,"5":0,"6":0,"7":0,"8":0,"9":0,"10":0,"11":0,"12":0,"13":0,"14":0,"15":0,"16":0,"17":0,"18":0,"19":0,"20":0,"21":0,"22":0,"23":2},"f":{"0":0,"1":0},"b":{"0":[0,0],"1":[0,0],"2":[0,0]},"_coverageSchema":"1a1c01bbd47fc00a2c39e90264f33305004495a9","hash":"1c749eee5db133fce009a4cb4918067e36a7cebe"}
,"C:\\apps\\VendaMais\\controllers\\user\\StockController.js": {"path":"C:\\apps\\VendaMais\\controllers\\user\\StockController.js","statementMap":{"0":{"start":{"line":1,"column":46},"end":{"line":1,"column":69}},"1":{"start":{"line":3,"column":0},"end":{"line":67,"column":2}},"2":{"start":{"line":6,"column":4},"end":{"line":22,"column":5}},"3":{"start":{"line":7,"column":29},"end":{"line":7,"column":39}},"4":{"start":{"line":8,"column":29},"end":{"line":8,"column":37}},"5":{"start":{"line":10,"column":24},"end":{"line":17,"column":8}},"6":{"start":{"line":19,"column":6},"end":{"line":19,"column":27}},"7":{"start":{"line":21,"column":6},"end":{"line":21,"column":16}},"8":{"start":{"line":27,"column":14},"end":{"line":27,"column":43}},"9":{"start":{"line":28,"column":4},"end":{"line":65,"column":5}},"10":{"start":{"line":29,"column":53},"end":{"line":29,"column":61}},"11":{"start":{"line":30,"column":42},"end":{"line":30,"column":50}},"12":{"start":{"line":32,"column":22},"end":{"line":34,"column":8}},"13":{"start":{"line":36,"column":6},"end":{"line":38,"column":7}},"14":{"start":{"line":37,"column":8},"end":{"line":37,"column":50}},"15":{"start":{"line":40,"column":23},"end":{"line":46,"column":28}},"16":{"start":{"line":49,"column":6},"end":{"line":55,"column":7}},"17":{"start":{"line":50,"column":8},"end":{"line":50,"column":53}},"18":{"start":{"line":51,"column":13},"end":{"line":55,"column":7}},"19":{"start":{"line":52,"column":8},"end":{"line":52,"column":53}},"20":{"start":{"line":53,"column":13},"end":{"line":55,"column":7}},"21":{"start":{"line":54,"column":8},"end":{"line":54,"column":52}},"22":{"start":{"line":57,"column":6},"end":{"line":57,"column":45}},"23":{"start":{"line":58,"column":6},"end":{"line":58,"column":23}},"24":{"start":{"line":60,"column":6},"end":{"line":60,"column":35}},"25":{"start":{"line":62,"column":6},"end":{"line":62,"column":53}},"26":{"start":{"line":63,"column":6},"end":{"line":63,"column":25}},"27":{"start":{"line":64,"column":6},"end":{"line":64,"column":16}}},"fnMap":{"0":{"name":"(anonymous_0)","decl":{"start":{"line":5,"column":2},"end":{"line":5,"column":3}},"loc":{"start":{"line":5,"column":26},"end":{"line":23,"column":3}},"line":5},"1":{"name":"(anonymous_1)","decl":{"start":{"line":26,"column":2},"end":{"line":26,"column":3}},"loc":{"start":{"line":26,"column":33},"end":{"line":66,"column":3}},"line":26}},"branchMap":{"0":{"loc":{"start":{"line":36,"column":6},"end":{"line":38,"column":7}},"type":"if","locations":[{"start":{"line":36,"column":6},"end":{"line":38,"column":7}},{"start":{},"end":{}}],"line":36},"1":{"loc":{"start":{"line":49,"column":6},"end":{"line":55,"column":7}},"type":"if","locations":[{"start":{"line":49,"column":6},"end":{"line":55,"column":7}},{"start":{"line":51,"column":13},"end":{"line":55,"column":7}}],"line":49},"2":{"loc":{"start":{"line":51,"column":13},"end":{"line":55,"column":7}},"type":"if","locations":[{"start":{"line":51,"column":13},"end":{"line":55,"column":7}},{"start":{"line":53,"column":13},"end":{"line":55,"column":7}}],"line":51},"3":{"loc":{"start":{"line":53,"column":13},"end":{"line":55,"column":7}},"type":"if","locations":[{"start":{"line":53,"column":13},"end":{"line":55,"column":7}},{"start":{},"end":{}}],"line":53}},"s":{"0":2,"1":2,"2":0,"3":0,"4":0,"5":0,"6":0,"7":0,"8":0,"9":0,"10":0,"11":0,"12":0,"13":0,"14":0,"15":0,"16":0,"17":0,"18":0,"19":0,"20":0,"21":0,"22":0,"23":0,"24":0,"25":0,"26":0,"27":0},"f":{"0":0,"1":0},"b":{"0":[0,0],"1":[0,0],"2":[0,0],"3":[0,0]},"_coverageSchema":"1a1c01bbd47fc00a2c39e90264f33305004495a9","hash":"4bb6b6c345e88e1902a23cea9ac26e49ce0924d0"}
,"C:\\apps\\VendaMais\\controllers\\user\\SupplierController.js": {"path":"C:\\apps\\VendaMais\\controllers\\user\\SupplierController.js","statementMap":{"0":{"start":{"line":1,"column":21},"end":{"line":1,"column":44}},"1":{"start":{"line":3,"column":0},"end":{"line":65,"column":2}},"2":{"start":{"line":5,"column":4},"end":{"line":14,"column":5}},"3":{"start":{"line":6,"column":29},"end":{"line":6,"column":37}},"4":{"start":{"line":7,"column":24},"end":{"line":10,"column":8}},"5":{"start":{"line":11,"column":6},"end":{"line":11,"column":27}},"6":{"start":{"line":13,"column":6},"end":{"line":13,"column":16}},"7":{"start":{"line":18,"column":4},"end":{"line":32,"column":5}},"8":{"start":{"line":19,"column":43},"end":{"line":19,"column":51}},"9":{"start":{"line":20,"column":29},"end":{"line":20,"column":37}},"10":{"start":{"line":22,"column":23},"end":{"line":28,"column":8}},"11":{"start":{"line":29,"column":6},"end":{"line":29,"column":41}},"12":{"start":{"line":31,"column":6},"end":{"line":31,"column":16}},"13":{"start":{"line":36,"column":4},"end":{"line":48,"column":5}},"14":{"start":{"line":37,"column":21},"end":{"line":37,"column":31}},"15":{"start":{"line":38,"column":43},"end":{"line":38,"column":51}},"16":{"start":{"line":39,"column":29},"end":{"line":39,"column":37}},"17":{"start":{"line":41,"column":23},"end":{"line":41,"column":76}},"18":{"start":{"line":42,"column":6},"end":{"line":42,"column":66}},"19":{"start":{"line":42,"column":21},"end":{"line":42,"column":66}},"20":{"start":{"line":44,"column":6},"end":{"line":44,"column":58}},"21":{"start":{"line":45,"column":6},"end":{"line":45,"column":31}},"22":{"start":{"line":47,"column":6},"end":{"line":47,"column":16}},"23":{"start":{"line":52,"column":4},"end":{"line":63,"column":5}},"24":{"start":{"line":53,"column":21},"end":{"line":53,"column":31}},"25":{"start":{"line":54,"column":29},"end":{"line":54,"column":37}},"26":{"start":{"line":56,"column":23},"end":{"line":56,"column":76}},"27":{"start":{"line":57,"column":6},"end":{"line":57,"column":66}},"28":{"start":{"line":57,"column":21},"end":{"line":57,"column":66}},"29":{"start":{"line":59,"column":6},"end":{"line":59,"column":31}},"30":{"start":{"line":60,"column":6},"end":{"line":60,"column":31}},"31":{"start":{"line":62,"column":6},"end":{"line":62,"column":16}}},"fnMap":{"0":{"name":"(anonymous_0)","decl":{"start":{"line":4,"column":2},"end":{"line":4,"column":3}},"loc":{"start":{"line":4,"column":24},"end":{"line":15,"column":3}},"line":4},"1":{"name":"(anonymous_1)","decl":{"start":{"line":17,"column":2},"end":{"line":17,"column":3}},"loc":{"start":{"line":17,"column":24},"end":{"line":33,"column":3}},"line":17},"2":{"name":"(anonymous_2)","decl":{"start":{"line":35,"column":2},"end":{"line":35,"column":3}},"loc":{"start":{"line":35,"column":25},"end":{"line":49,"column":3}},"line":35},"3":{"name":"(anonymous_3)","decl":{"start":{"line":51,"column":2},"end":{"line":51,"column":3}},"loc":{"start":{"line":51,"column":26},"end":{"line":64,"column":3}},"line":51}},"branchMap":{"0":{"loc":{"start":{"line":42,"column":6},"end":{"line":42,"column":66}},"type":"if","locations":[{"start":{"line":42,"column":6},"end":{"line":42,"column":66}},{"start":{},"end":{}}],"line":42},"1":{"loc":{"start":{"line":57,"column":6},"end":{"line":57,"column":66}},"type":"if","locations":[{"start":{"line":57,"column":6},"end":{"line":57,"column":66}},{"start":{},"end":{}}],"line":57}},"s":{"0":2,"1":2,"2":0,"3":0,"4":0,"5":0,"6":0,"7":0,"8":0,"9":0,"10":0,"11":0,"12":0,"13":0,"14":0,"15":0,"16":0,"17":0,"18":0,"19":0,"20":0,"21":0,"22":0,"23":0,"24":0,"25":0,"26":0,"27":0,"28":0,"29":0,"30":0,"31":0},"f":{"0":0,"1":0,"2":0,"3":0},"b":{"0":[0,0],"1":[0,0]},"_coverageSchema":"1a1c01bbd47fc00a2c39e90264f33305004495a9","hash":"c06c662911469a23d7b0c1741039057b16738059"}
,"C:\\apps\\VendaMais\\middleware\\auth.js": {"path":"C:\\apps\\VendaMais\\middleware\\auth.js","statementMap":{"0":{"start":{"line":1,"column":0},"end":{"line":11,"column":2}},"1":{"start":{"line":3,"column":4},"end":{"line":6,"column":5}},"2":{"start":{"line":4,"column":8},"end":{"line":4,"column":36}},"3":{"start":{"line":5,"column":8},"end":{"line":5,"column":22}},"4":{"start":{"line":8,"column":16},"end":{"line":8,"column":43}},"5":{"start":{"line":9,"column":4},"end":{"line":9,"column":21}},"6":{"start":{"line":10,"column":4},"end":{"line":10,"column":14}}},"fnMap":{"0":{"name":"(anonymous_0)","decl":{"start":{"line":1,"column":17},"end":{"line":1,"column":18}},"loc":{"start":{"line":1,"column":37},"end":{"line":11,"column":1}},"line":1}},"branchMap":{"0":{"loc":{"start":{"line":3,"column":4},"end":{"line":6,"column":5}},"type":"if","locations":[{"start":{"line":3,"column":4},"end":{"line":6,"column":5}},{"start":{},"end":{}}],"line":3},"1":{"loc":{"start":{"line":3,"column":8},"end":{"line":3,"column":39}},"type":"binary-expr","locations":[{"start":{"line":3,"column":8},"end":{"line":3,"column":19}},{"start":{"line":3,"column":23},"end":{"line":3,"column":39}}],"line":3}},"s":{"0":2,"1":1,"2":1,"3":1,"4":0,"5":0,"6":0},"f":{"0":1},"b":{"0":[1,0],"1":[1,1]},"_coverageSchema":"1a1c01bbd47fc00a2c39e90264f33305004495a9","hash":"1c9a36db1a36e084582c14921229efb4dff89a5e"}
,"C:\\apps\\VendaMais\\middleware\\license.js": {"path":"C:\\apps\\VendaMais\\middleware\\license.js","statementMap":{"0":{"start":{"line":1,"column":20},"end":{"line":1,"column":40}},"1":{"start":{"line":3,"column":0},"end":{"line":31,"column":2}},"2":{"start":{"line":4,"column":2},"end":{"line":30,"column":3}},"3":{"start":{"line":5,"column":4},"end":{"line":7,"column":5}},"4":{"start":{"line":6,"column":6},"end":{"line":6,"column":20}},"5":{"start":{"line":9,"column":20},"end":{"line":9,"column":63}},"6":{"start":{"line":11,"column":4},"end":{"line":13,"column":5}},"7":{"start":{"line":12,"column":6},"end":{"line":12,"column":61}},"8":{"start":{"line":15,"column":4},"end":{"line":17,"column":5}},"9":{"start":{"line":16,"column":6},"end":{"line":16,"column":93}},"10":{"start":{"line":19,"column":4},"end":{"line":25,"column":5}},"11":{"start":{"line":20,"column":6},"end":{"line":24,"column":9}},"12":{"start":{"line":27,"column":4},"end":{"line":27,"column":11}},"13":{"start":{"line":29,"column":4},"end":{"line":29,"column":14}}},"fnMap":{"0":{"name":"(anonymous_0)","decl":{"start":{"line":3,"column":17},"end":{"line":3,"column":18}},"loc":{"start":{"line":3,"column":43},"end":{"line":31,"column":1}},"line":3}},"branchMap":{"0":{"loc":{"start":{"line":5,"column":4},"end":{"line":7,"column":5}},"type":"if","locations":[{"start":{"line":5,"column":4},"end":{"line":7,"column":5}},{"start":{},"end":{}}],"line":5},"1":{"loc":{"start":{"line":5,"column":8},"end":{"line":5,"column":41}},"type":"binary-expr","locations":[{"start":{"line":5,"column":8},"end":{"line":5,"column":17}},{"start":{"line":5,"column":21},"end":{"line":5,"column":41}}],"line":5},"2":{"loc":{"start":{"line":11,"column":4},"end":{"line":13,"column":5}},"type":"if","locations":[{"start":{"line":11,"column":4},"end":{"line":13,"column":5}},{"start":{},"end":{}}],"line":11},"3":{"loc":{"start":{"line":15,"column":4},"end":{"line":17,"column":5}},"type":"if","locations":[{"start":{"line":15,"column":4},"end":{"line":17,"column":5}},{"start":{},"end":{}}],"line":15},"4":{"loc":{"start":{"line":19,"column":4},"end":{"line":25,"column":5}},"type":"if","locations":[{"start":{"line":19,"column":4},"end":{"line":25,"column":5}},{"start":{},"end":{}}],"line":19},"5":{"loc":{"start":{"line":19,"column":8},"end":{"line":19,"column":83}},"type":"binary-expr","locations":[{"start":{"line":19,"column":8},"end":{"line":19,"column":32}},{"start":{"line":19,"column":36},"end":{"line":19,"column":83}}],"line":19}},"s":{"0":2,"1":2,"2":1,"3":1,"4":0,"5":1,"6":1,"7":0,"8":1,"9":0,"10":1,"11":0,"12":1,"13":0},"f":{"0":1},"b":{"0":[0,1],"1":[1,1],"2":[0,1],"3":[0,1],"4":[0,1],"5":[1,0]},"_coverageSchema":"1a1c01bbd47fc00a2c39e90264f33305004495a9","hash":"1a483f71d61b7f4adc740165ffcafbf38d54f1fe"}
,"C:\\apps\\VendaMais\\models\\Category.js": {"path":"C:\\apps\\VendaMais\\models\\Category.js","statementMap":{"0":{"start":{"line":4,"column":4},"end":{"line":4,"column":24}},"1":{"start":{"line":5,"column":0},"end":{"line":30,"column":2}},"2":{"start":{"line":13,"column":6},"end":{"line":13,"column":71}},"3":{"start":{"line":14,"column":6},"end":{"line":14,"column":70}},"4":{"start":{"line":17,"column":2},"end":{"line":28,"column":5}},"5":{"start":{"line":29,"column":2},"end":{"line":29,"column":18}}},"fnMap":{"0":{"name":"(anonymous_0)","decl":{"start":{"line":5,"column":17},"end":{"line":5,"column":18}},"loc":{"start":{"line":5,"column":43},"end":{"line":30,"column":1}},"line":5},"1":{"name":"(anonymous_1)","decl":{"start":{"line":12,"column":4},"end":{"line":12,"column":5}},"loc":{"start":{"line":12,"column":29},"end":{"line":15,"column":5}},"line":12}},"branchMap":{},"s":{"0":2,"1":2,"2":2,"3":2,"4":2,"5":2},"f":{"0":2,"1":2},"b":{},"_coverageSchema":"1a1c01bbd47fc00a2c39e90264f33305004495a9","hash":"a25ce3c34d25d28d53a113f4e4b34d6666022745"}
,"C:\\apps\\VendaMais\\models\\Company.js": {"path":"C:\\apps\\VendaMais\\models\\Company.js","statementMap":{"0":{"start":{"line":1,"column":0},"end":{"line":40,"column":2}},"1":{"start":{"line":2,"column":18},"end":{"line":32,"column":3}},"2":{"start":{"line":34,"column":2},"end":{"line":37,"column":4}},"3":{"start":{"line":35,"column":4},"end":{"line":35,"column":63}},"4":{"start":{"line":36,"column":4},"end":{"line":36,"column":66}},"5":{"start":{"line":39,"column":2},"end":{"line":39,"column":17}}},"fnMap":{"0":{"name":"(anonymous_0)","decl":{"start":{"line":1,"column":17},"end":{"line":1,"column":18}},"loc":{"start":{"line":1,"column":43},"end":{"line":40,"column":1}},"line":1},"1":{"name":"(anonymous_1)","decl":{"start":{"line":34,"column":22},"end":{"line":34,"column":23}},"loc":{"start":{"line":34,"column":34},"end":{"line":37,"column":3}},"line":34}},"branchMap":{},"s":{"0":2,"1":2,"2":2,"3":2,"4":2,"5":2},"f":{"0":2,"1":2},"b":{},"_coverageSchema":"1a1c01bbd47fc00a2c39e90264f33305004495a9","hash":"636f281989b53b9a544990684586e0f92b2174e0"}
,"C:\\apps\\VendaMais\\models\\Product.js": {"path":"C:\\apps\\VendaMais\\models\\Product.js","statementMap":{"0":{"start":{"line":1,"column":0},"end":{"line":64,"column":2}},"1":{"start":{"line":2,"column":18},"end":{"line":54,"column":4}},"2":{"start":{"line":56,"column":2},"end":{"line":61,"column":4}},"3":{"start":{"line":57,"column":4},"end":{"line":57,"column":68}},"4":{"start":{"line":58,"column":4},"end":{"line":58,"column":72}},"5":{"start":{"line":59,"column":4},"end":{"line":59,"column":70}},"6":{"start":{"line":60,"column":4},"end":{"line":60,"column":70}},"7":{"start":{"line":63,"column":2},"end":{"line":63,"column":17}}},"fnMap":{"0":{"name":"(anonymous_0)","decl":{"start":{"line":1,"column":17},"end":{"line":1,"column":18}},"loc":{"start":{"line":1,"column":43},"end":{"line":64,"column":1}},"line":1},"1":{"name":"(anonymous_1)","decl":{"start":{"line":56,"column":22},"end":{"line":56,"column":23}},"loc":{"start":{"line":56,"column":34},"end":{"line":61,"column":3}},"line":56}},"branchMap":{},"s":{"0":2,"1":2,"2":2,"3":2,"4":2,"5":2,"6":2,"7":2},"f":{"0":2,"1":2},"b":{},"_coverageSchema":"1a1c01bbd47fc00a2c39e90264f33305004495a9","hash":"4a113af7c2421e6755f9b256c7e0d81f338dd152"}
,"C:\\apps\\VendaMais\\models\\StockMovement.js": {"path":"C:\\apps\\VendaMais\\models\\StockMovement.js","statementMap":{"0":{"start":{"line":1,"column":0},"end":{"line":43,"column":2}},"1":{"start":{"line":2,"column":24},"end":{"line":34,"column":4}},"2":{"start":{"line":36,"column":2},"end":{"line":40,"column":4}},"3":{"start":{"line":37,"column":4},"end":{"line":37,"column":74}},"4":{"start":{"line":38,"column":4},"end":{"line":38,"column":68}},"5":{"start":{"line":39,"column":4},"end":{"line":39,"column":77}},"6":{"start":{"line":42,"column":2},"end":{"line":42,"column":23}}},"fnMap":{"0":{"name":"(anonymous_0)","decl":{"start":{"line":1,"column":17},"end":{"line":1,"column":18}},"loc":{"start":{"line":1,"column":43},"end":{"line":43,"column":1}},"line":1},"1":{"name":"(anonymous_1)","decl":{"start":{"line":36,"column":28},"end":{"line":36,"column":29}},"loc":{"start":{"line":36,"column":40},"end":{"line":40,"column":3}},"line":36}},"branchMap":{},"s":{"0":2,"1":2,"2":2,"3":2,"4":2,"5":2,"6":2},"f":{"0":2,"1":2},"b":{},"_coverageSchema":"1a1c01bbd47fc00a2c39e90264f33305004495a9","hash":"0e18199d45c12e70f175025016da8d35f8f868ed"}
,"C:\\apps\\VendaMais\\models\\Supplier.js": {"path":"C:\\apps\\VendaMais\\models\\Supplier.js","statementMap":{"0":{"start":{"line":4,"column":4},"end":{"line":4,"column":24}},"1":{"start":{"line":5,"column":0},"end":{"line":34,"column":2}},"2":{"start":{"line":13,"column":6},"end":{"line":13,"column":71}},"3":{"start":{"line":17,"column":6},"end":{"line":17,"column":70}},"4":{"start":{"line":20,"column":2},"end":{"line":32,"column":5}},"5":{"start":{"line":33,"column":2},"end":{"line":33,"column":18}}},"fnMap":{"0":{"name":"(anonymous_0)","decl":{"start":{"line":5,"column":17},"end":{"line":5,"column":18}},"loc":{"start":{"line":5,"column":43},"end":{"line":34,"column":1}},"line":5},"1":{"name":"(anonymous_1)","decl":{"start":{"line":12,"column":4},"end":{"line":12,"column":5}},"loc":{"start":{"line":12,"column":29},"end":{"line":18,"column":5}},"line":12}},"branchMap":{},"s":{"0":2,"1":2,"2":2,"3":2,"4":2,"5":2},"f":{"0":2,"1":2},"b":{},"_coverageSchema":"1a1c01bbd47fc00a2c39e90264f33305004495a9","hash":"d9074542c6d21a5a605ded27731650f2c9be64f3"}
,"C:\\apps\\VendaMais\\models\\User.js": {"path":"C:\\apps\\VendaMais\\models\\User.js","statementMap":{"0":{"start":{"line":1,"column":0},"end":{"line":45,"column":2}},"1":{"start":{"line":2,"column":15},"end":{"line":38,"column":4}},"2":{"start":{"line":40,"column":2},"end":{"line":42,"column":4}},"3":{"start":{"line":41,"column":4},"end":{"line":41,"column":65}},"4":{"start":{"line":44,"column":2},"end":{"line":44,"column":14}}},"fnMap":{"0":{"name":"(anonymous_0)","decl":{"start":{"line":1,"column":17},"end":{"line":1,"column":18}},"loc":{"start":{"line":1,"column":43},"end":{"line":45,"column":1}},"line":1},"1":{"name":"(anonymous_1)","decl":{"start":{"line":40,"column":19},"end":{"line":40,"column":20}},"loc":{"start":{"line":40,"column":31},"end":{"line":42,"column":3}},"line":40}},"branchMap":{},"s":{"0":2,"1":2,"2":2,"3":2,"4":2},"f":{"0":2,"1":2},"b":{},"_coverageSchema":"1a1c01bbd47fc00a2c39e90264f33305004495a9","hash":"9937fbfd587c02fd8bdb8314bb1326f4a3636ae0"}
,"C:\\apps\\VendaMais\\models\\index.js": {"path":"C:\\apps\\VendaMais\\models\\index.js","statementMap":{"0":{"start":{"line":3,"column":11},"end":{"line":3,"column":24}},"1":{"start":{"line":4,"column":13},"end":{"line":4,"column":28}},"2":{"start":{"line":5,"column":18},"end":{"line":5,"column":38}},"3":{"start":{"line":6,"column":16},"end":{"line":6,"column":34}},"4":{"start":{"line":7,"column":17},"end":{"line":7,"column":42}},"5":{"start":{"line":8,"column":12},"end":{"line":8,"column":49}},"6":{"start":{"line":9,"column":15},"end":{"line":9,"column":65}},"7":{"start":{"line":10,"column":11},"end":{"line":10,"column":13}},"8":{"start":{"line":13,"column":0},"end":{"line":17,"column":1}},"9":{"start":{"line":14,"column":2},"end":{"line":14,"column":74}},"10":{"start":{"line":16,"column":2},"end":{"line":16,"column":87}},"11":{"start":{"line":19,"column":0},"end":{"line":32,"column":5}},"12":{"start":{"line":22,"column":4},"end":{"line":27,"column":6}},"13":{"start":{"line":30,"column":18},"end":{"line":30,"column":85}},"14":{"start":{"line":31,"column":4},"end":{"line":31,"column":27}},"15":{"start":{"line":34,"column":0},"end":{"line":38,"column":3}},"16":{"start":{"line":35,"column":2},"end":{"line":37,"column":3}},"17":{"start":{"line":36,"column":4},"end":{"line":36,"column":32}},"18":{"start":{"line":40,"column":0},"end":{"line":40,"column":25}},"19":{"start":{"line":41,"column":0},"end":{"line":41,"column":25}},"20":{"start":{"line":43,"column":0},"end":{"line":43,"column":20}}},"fnMap":{"0":{"name":"(anonymous_0)","decl":{"start":{"line":21,"column":10},"end":{"line":21,"column":11}},"loc":{"start":{"line":21,"column":18},"end":{"line":28,"column":3}},"line":21},"1":{"name":"(anonymous_1)","decl":{"start":{"line":29,"column":11},"end":{"line":29,"column":12}},"loc":{"start":{"line":29,"column":19},"end":{"line":32,"column":3}},"line":29},"2":{"name":"(anonymous_2)","decl":{"start":{"line":34,"column":24},"end":{"line":34,"column":25}},"loc":{"start":{"line":34,"column":37},"end":{"line":38,"column":1}},"line":34}},"branchMap":{"0":{"loc":{"start":{"line":8,"column":12},"end":{"line":8,"column":49}},"type":"binary-expr","locations":[{"start":{"line":8,"column":12},"end":{"line":8,"column":32}},{"start":{"line":8,"column":36},"end":{"line":8,"column":49}}],"line":8},"1":{"loc":{"start":{"line":13,"column":0},"end":{"line":17,"column":1}},"type":"if","locations":[{"start":{"line":13,"column":0},"end":{"line":17,"column":1}},{"start":{"line":15,"column":7},"end":{"line":17,"column":1}}],"line":13},"2":{"loc":{"start":{"line":23,"column":6},"end":{"line":26,"column":37}},"type":"binary-expr","locations":[{"start":{"line":23,"column":6},"end":{"line":23,"column":29}},{"start":{"line":24,"column":6},"end":{"line":24,"column":23}},{"start":{"line":25,"column":6},"end":{"line":25,"column":30}},{"start":{"line":26,"column":6},"end":{"line":26,"column":37}}],"line":23},"3":{"loc":{"start":{"line":35,"column":2},"end":{"line":37,"column":3}},"type":"if","locations":[{"start":{"line":35,"column":2},"end":{"line":37,"column":3}},{"start":{},"end":{}}],"line":35}},"s":{"0":2,"1":2,"2":2,"3":2,"4":2,"5":2,"6":2,"7":2,"8":2,"9":0,"10":2,"11":2,"12":16,"13":14,"14":14,"15":2,"16":14,"17":14,"18":2,"19":2,"20":2},"f":{"0":16,"1":14,"2":14},"b":{"0":[2,0],"1":[0,2],"2":[16,16,14,14],"3":[14,0]},"_coverageSchema":"1a1c01bbd47fc00a2c39e90264f33305004495a9","hash":"65b02663ff24b766130b8f858c5619bcdad8f069"}
,"C:\\apps\\VendaMais\\models\\stocklot.js": {"path":"C:\\apps\\VendaMais\\models\\stocklot.js","statementMap":{"0":{"start":{"line":4,"column":4},"end":{"line":4,"column":24}},"1":{"start":{"line":5,"column":0},"end":{"line":34,"column":2}},"2":{"start":{"line":13,"column":6},"end":{"line":13,"column":71}},"3":{"start":{"line":14,"column":6},"end":{"line":14,"column":71}},"4":{"start":{"line":15,"column":6},"end":{"line":15,"column":77}},"5":{"start":{"line":18,"column":2},"end":{"line":32,"column":5}},"6":{"start":{"line":33,"column":2},"end":{"line":33,"column":18}}},"fnMap":{"0":{"name":"(anonymous_0)","decl":{"start":{"line":5,"column":17},"end":{"line":5,"column":18}},"loc":{"start":{"line":5,"column":43},"end":{"line":34,"column":1}},"line":5},"1":{"name":"(anonymous_1)","decl":{"start":{"line":12,"column":4},"end":{"line":12,"column":5}},"loc":{"start":{"line":12,"column":29},"end":{"line":16,"column":5}},"line":12}},"branchMap":{},"s":{"0":2,"1":2,"2":2,"3":2,"4":2,"5":2,"6":2},"f":{"0":2,"1":2},"b":{},"_coverageSchema":"1a1c01bbd47fc00a2c39e90264f33305004495a9","hash":"7d6d6b9b51979cc17e3b5220d323fb6342f1201c"}
,"C:\\apps\\VendaMais\\routes\\admin.js": {"path":"C:\\apps\\VendaMais\\routes\\admin.js","statementMap":{"0":{"start":{"line":1,"column":14},"end":{"line":1,"column":32}},"1":{"start":{"line":2,"column":13},"end":{"line":2,"column":29}},"2":{"start":{"line":3,"column":24},"end":{"line":3,"column":71}},"3":{"start":{"line":4,"column":26},"end":{"line":4,"column":75}},"4":{"start":{"line":5,"column":13},"end":{"line":5,"column":42}},"5":{"start":{"line":8,"column":0},"end":{"line":19,"column":3}},"6":{"start":{"line":9,"column":2},"end":{"line":18,"column":3}},"7":{"start":{"line":10,"column":17},"end":{"line":10,"column":54}},"8":{"start":{"line":11,"column":4},"end":{"line":15,"column":7}},"9":{"start":{"line":17,"column":4},"end":{"line":17,"column":14}},"10":{"start":{"line":22,"column":0},"end":{"line":33,"column":3}},"11":{"start":{"line":23,"column":2},"end":{"line":32,"column":3}},"12":{"start":{"line":24,"column":17},"end":{"line":24,"column":64}},"13":{"start":{"line":25,"column":4},"end":{"line":29,"column":7}},"14":{"start":{"line":31,"column":4},"end":{"line":31,"column":14}},"15":{"start":{"line":36,"column":0},"end":{"line":43,"column":3}},"16":{"start":{"line":37,"column":2},"end":{"line":42,"column":3}},"17":{"start":{"line":38,"column":4},"end":{"line":38,"column":52}},"18":{"start":{"line":39,"column":4},"end":{"line":39,"column":37}},"19":{"start":{"line":41,"column":4},"end":{"line":41,"column":14}},"20":{"start":{"line":46,"column":0},"end":{"line":53,"column":3}},"21":{"start":{"line":47,"column":2},"end":{"line":52,"column":3}},"22":{"start":{"line":48,"column":4},"end":{"line":48,"column":51}},"23":{"start":{"line":49,"column":4},"end":{"line":49,"column":37}},"24":{"start":{"line":51,"column":4},"end":{"line":51,"column":14}},"25":{"start":{"line":55,"column":0},"end":{"line":55,"column":24}}},"fnMap":{"0":{"name":"(anonymous_0)","decl":{"start":{"line":8,"column":22},"end":{"line":8,"column":23}},"loc":{"start":{"line":8,"column":53},"end":{"line":19,"column":1}},"line":8},"1":{"name":"(anonymous_1)","decl":{"start":{"line":22,"column":31},"end":{"line":22,"column":32}},"loc":{"start":{"line":22,"column":62},"end":{"line":33,"column":1}},"line":22},"2":{"name":"(anonymous_2)","decl":{"start":{"line":36,"column":32},"end":{"line":36,"column":33}},"loc":{"start":{"line":36,"column":63},"end":{"line":43,"column":1}},"line":36},"3":{"name":"(anonymous_3)","decl":{"start":{"line":46,"column":43},"end":{"line":46,"column":44}},"loc":{"start":{"line":46,"column":74},"end":{"line":53,"column":1}},"line":46}},"branchMap":{},"s":{"0":2,"1":2,"2":2,"3":2,"4":2,"5":2,"6":0,"7":0,"8":0,"9":0,"10":2,"11":0,"12":0,"13":0,"14":0,"15":2,"16":0,"17":0,"18":0,"19":0,"20":2,"21":0,"22":0,"23":0,"24":0,"25":2},"f":{"0":0,"1":0,"2":0,"3":0},"b":{},"_coverageSchema":"1a1c01bbd47fc00a2c39e90264f33305004495a9","hash":"8760d7a3bfac48e0b115590fd0c29b692fa5e17b"}
,"C:\\apps\\VendaMais\\routes\\index.js": {"path":"C:\\apps\\VendaMais\\routes\\index.js","statementMap":{"0":{"start":{"line":1,"column":14},"end":{"line":1,"column":32}},"1":{"start":{"line":2,"column":13},"end":{"line":2,"column":29}},"2":{"start":{"line":3,"column":23},"end":{"line":3,"column":68}},"3":{"start":{"line":4,"column":23},"end":{"line":4,"column":68}},"4":{"start":{"line":7,"column":0},"end":{"line":17,"column":3}},"5":{"start":{"line":8,"column":2},"end":{"line":16,"column":3}},"6":{"start":{"line":9,"column":17},"end":{"line":9,"column":53}},"7":{"start":{"line":10,"column":4},"end":{"line":13,"column":7}},"8":{"start":{"line":15,"column":4},"end":{"line":15,"column":14}},"9":{"start":{"line":20,"column":0},"end":{"line":27,"column":3}},"10":{"start":{"line":21,"column":2},"end":{"line":26,"column":3}},"11":{"start":{"line":22,"column":17},"end":{"line":22,"column":57}},"12":{"start":{"line":23,"column":4},"end":{"line":23,"column":77}},"13":{"start":{"line":25,"column":4},"end":{"line":25,"column":14}},"14":{"start":{"line":29,"column":0},"end":{"line":41,"column":3}},"15":{"start":{"line":30,"column":2},"end":{"line":40,"column":3}},"16":{"start":{"line":31,"column":42},"end":{"line":31,"column":78}},"17":{"start":{"line":32,"column":4},"end":{"line":32,"column":35}},"18":{"start":{"line":33,"column":4},"end":{"line":33,"column":31}},"19":{"start":{"line":35,"column":4},"end":{"line":39,"column":7}},"20":{"start":{"line":43,"column":0},"end":{"line":50,"column":3}},"21":{"start":{"line":44,"column":2},"end":{"line":49,"column":3}},"22":{"start":{"line":45,"column":17},"end":{"line":45,"column":60}},"23":{"start":{"line":46,"column":4},"end":{"line":46,"column":80}},"24":{"start":{"line":48,"column":4},"end":{"line":48,"column":14}},"25":{"start":{"line":52,"column":0},"end":{"line":64,"column":3}},"26":{"start":{"line":53,"column":2},"end":{"line":63,"column":3}},"27":{"start":{"line":54,"column":4},"end":{"line":54,"column":44}},"28":{"start":{"line":55,"column":4},"end":{"line":55,"column":27}},"29":{"start":{"line":57,"column":17},"end":{"line":57,"column":60}},"30":{"start":{"line":58,"column":4},"end":{"line":62,"column":7}},"31":{"start":{"line":66,"column":0},"end":{"line":73,"column":3}},"32":{"start":{"line":67,"column":2},"end":{"line":72,"column":3}},"33":{"start":{"line":68,"column":29},"end":{"line":68,"column":66}},"34":{"start":{"line":69,"column":4},"end":{"line":69,"column":31}},"35":{"start":{"line":71,"column":4},"end":{"line":71,"column":14}},"36":{"start":{"line":75,"column":0},"end":{"line":75,"column":24}}},"fnMap":{"0":{"name":"(anonymous_0)","decl":{"start":{"line":7,"column":16},"end":{"line":7,"column":17}},"loc":{"start":{"line":7,"column":47},"end":{"line":17,"column":1}},"line":7},"1":{"name":"(anonymous_1)","decl":{"start":{"line":20,"column":21},"end":{"line":20,"column":22}},"loc":{"start":{"line":20,"column":52},"end":{"line":27,"column":1}},"line":20},"2":{"name":"(anonymous_2)","decl":{"start":{"line":29,"column":22},"end":{"line":29,"column":23}},"loc":{"start":{"line":29,"column":53},"end":{"line":41,"column":1}},"line":29},"3":{"name":"(anonymous_3)","decl":{"start":{"line":43,"column":24},"end":{"line":43,"column":25}},"loc":{"start":{"line":43,"column":55},"end":{"line":50,"column":1}},"line":43},"4":{"name":"(anonymous_4)","decl":{"start":{"line":52,"column":25},"end":{"line":52,"column":26}},"loc":{"start":{"line":52,"column":56},"end":{"line":64,"column":1}},"line":52},"5":{"name":"(anonymous_5)","decl":{"start":{"line":66,"column":22},"end":{"line":66,"column":23}},"loc":{"start":{"line":66,"column":53},"end":{"line":73,"column":1}},"line":66}},"branchMap":{},"s":{"0":2,"1":2,"2":2,"3":2,"4":2,"5":0,"6":0,"7":0,"8":0,"9":2,"10":1,"11":1,"12":1,"13":0,"14":2,"15":1,"16":1,"17":1,"18":1,"19":0,"20":2,"21":1,"22":1,"23":1,"24":0,"25":2,"26":0,"27":0,"28":0,"29":0,"30":0,"31":2,"32":0,"33":0,"34":0,"35":0,"36":2},"f":{"0":0,"1":1,"2":1,"3":1,"4":0,"5":0},"b":{},"_coverageSchema":"1a1c01bbd47fc00a2c39e90264f33305004495a9","hash":"5ea36cdb8639fa69aec3b25975304c59c02973b1"}
,"C:\\apps\\VendaMais\\routes\\users.js": {"path":"C:\\apps\\VendaMais\\routes\\users.js","statementMap":{"0":{"start":{"line":1,"column":14},"end":{"line":1,"column":32}},"1":{"start":{"line":2,"column":13},"end":{"line":2,"column":29}},"2":{"start":{"line":3,"column":28},"end":{"line":3,"column":78}},"3":{"start":{"line":4,"column":26},"end":{"line":4,"column":74}},"4":{"start":{"line":5,"column":24},"end":{"line":5,"column":70}},"5":{"start":{"line":6,"column":27},"end":{"line":6,"column":76}},"6":{"start":{"line":7,"column":27},"end":{"line":7,"column":76}},"7":{"start":{"line":8,"column":26},"end":{"line":8,"column":74}},"8":{"start":{"line":9,"column":13},"end":{"line":9,"column":42}},"9":{"start":{"line":10,"column":16},"end":{"line":10,"column":48}},"10":{"start":{"line":11,"column":15},"end":{"line":11,"column":32}},"11":{"start":{"line":12,"column":13},"end":{"line":12,"column":28}},"12":{"start":{"line":15,"column":16},"end":{"line":23,"column":2}},"13":{"start":{"line":17,"column":4},"end":{"line":17,"column":39}},"14":{"start":{"line":20,"column":25},"end":{"line":20,"column":75}},"15":{"start":{"line":21,"column":4},"end":{"line":21,"column":73}},"16":{"start":{"line":24,"column":15},"end":{"line":24,"column":43}},"17":{"start":{"line":27,"column":0},"end":{"line":38,"column":3}},"18":{"start":{"line":28,"column":2},"end":{"line":37,"column":3}},"19":{"start":{"line":29,"column":17},"end":{"line":29,"column":58}},"20":{"start":{"line":30,"column":4},"end":{"line":34,"column":7}},"21":{"start":{"line":36,"column":4},"end":{"line":36,"column":14}},"22":{"start":{"line":41,"column":0},"end":{"line":52,"column":3}},"23":{"start":{"line":42,"column":2},"end":{"line":51,"column":3}},"24":{"start":{"line":43,"column":17},"end":{"line":43,"column":63}},"25":{"start":{"line":44,"column":4},"end":{"line":48,"column":7}},"26":{"start":{"line":50,"column":4},"end":{"line":50,"column":14}},"27":{"start":{"line":55,"column":0},"end":{"line":62,"column":3}},"28":{"start":{"line":56,"column":2},"end":{"line":61,"column":3}},"29":{"start":{"line":57,"column":4},"end":{"line":57,"column":52}},"30":{"start":{"line":58,"column":4},"end":{"line":58,"column":34}},"31":{"start":{"line":60,"column":4},"end":{"line":60,"column":14}},"32":{"start":{"line":64,"column":0},"end":{"line":71,"column":3}},"33":{"start":{"line":65,"column":2},"end":{"line":70,"column":3}},"34":{"start":{"line":66,"column":4},"end":{"line":66,"column":52}},"35":{"start":{"line":67,"column":4},"end":{"line":67,"column":34}},"36":{"start":{"line":69,"column":4},"end":{"line":69,"column":14}},"37":{"start":{"line":74,"column":0},"end":{"line":81,"column":3}},"38":{"start":{"line":75,"column":2},"end":{"line":80,"column":3}},"39":{"start":{"line":76,"column":4},"end":{"line":76,"column":51}},"40":{"start":{"line":77,"column":4},"end":{"line":77,"column":34}},"41":{"start":{"line":79,"column":4},"end":{"line":79,"column":14}},"42":{"start":{"line":84,"column":0},"end":{"line":95,"column":3}},"43":{"start":{"line":85,"column":2},"end":{"line":94,"column":3}},"44":{"start":{"line":86,"column":17},"end":{"line":86,"column":56}},"45":{"start":{"line":87,"column":4},"end":{"line":91,"column":7}},"46":{"start":{"line":93,"column":4},"end":{"line":93,"column":14}},"47":{"start":{"line":98,"column":0},"end":{"line":109,"column":3}},"48":{"start":{"line":99,"column":2},"end":{"line":108,"column":3}},"49":{"start":{"line":100,"column":17},"end":{"line":100,"column":57}},"50":{"start":{"line":101,"column":4},"end":{"line":105,"column":7}},"51":{"start":{"line":107,"column":4},"end":{"line":107,"column":14}},"52":{"start":{"line":111,"column":0},"end":{"line":124,"column":3}},"53":{"start":{"line":112,"column":2},"end":{"line":123,"column":3}},"54":{"start":{"line":113,"column":19},"end":{"line":113,"column":59}},"55":{"start":{"line":114,"column":4},"end":{"line":116,"column":5}},"56":{"start":{"line":115,"column":6},"end":{"line":115,"column":30}},"57":{"start":{"line":117,"column":4},"end":{"line":117,"column":36}},"58":{"start":{"line":119,"column":4},"end":{"line":121,"column":5}},"59":{"start":{"line":120,"column":6},"end":{"line":120,"column":58}},"60":{"start":{"line":122,"column":4},"end":{"line":122,"column":14}},"61":{"start":{"line":127,"column":0},"end":{"line":138,"column":3}},"62":{"start":{"line":128,"column":2},"end":{"line":137,"column":3}},"63":{"start":{"line":129,"column":17},"end":{"line":129,"column":57}},"64":{"start":{"line":130,"column":4},"end":{"line":134,"column":7}},"65":{"start":{"line":136,"column":4},"end":{"line":136,"column":14}},"66":{"start":{"line":140,"column":0},"end":{"line":153,"column":3}},"67":{"start":{"line":141,"column":2},"end":{"line":152,"column":3}},"68":{"start":{"line":142,"column":19},"end":{"line":142,"column":59}},"69":{"start":{"line":143,"column":4},"end":{"line":145,"column":5}},"70":{"start":{"line":144,"column":6},"end":{"line":144,"column":30}},"71":{"start":{"line":146,"column":4},"end":{"line":146,"column":35}},"72":{"start":{"line":148,"column":4},"end":{"line":150,"column":5}},"73":{"start":{"line":149,"column":6},"end":{"line":149,"column":58}},"74":{"start":{"line":151,"column":4},"end":{"line":151,"column":14}},"75":{"start":{"line":156,"column":0},"end":{"line":166,"column":3}},"76":{"start":{"line":157,"column":2},"end":{"line":165,"column":3}},"77":{"start":{"line":158,"column":17},"end":{"line":158,"column":56}},"78":{"start":{"line":159,"column":4},"end":{"line":162,"column":7}},"79":{"start":{"line":164,"column":4},"end":{"line":164,"column":14}},"80":{"start":{"line":168,"column":0},"end":{"line":175,"column":3}},"81":{"start":{"line":169,"column":2},"end":{"line":174,"column":3}},"82":{"start":{"line":170,"column":19},"end":{"line":170,"column":59}},"83":{"start":{"line":171,"column":4},"end":{"line":171,"column":33}},"84":{"start":{"line":173,"column":4},"end":{"line":173,"column":14}},"85":{"start":{"line":177,"column":0},"end":{"line":177,"column":24}}},"fnMap":{"0":{"name":"(anonymous_0)","decl":{"start":{"line":16,"column":15},"end":{"line":16,"column":16}},"loc":{"start":{"line":16,"column":40},"end":{"line":18,"column":3}},"line":16},"1":{"name":"(anonymous_1)","decl":{"start":{"line":19,"column":12},"end":{"line":19,"column":13}},"loc":{"start":{"line":19,"column":37},"end":{"line":22,"column":3}},"line":19},"2":{"name":"(anonymous_2)","decl":{"start":{"line":27,"column":31},"end":{"line":27,"column":32}},"loc":{"start":{"line":27,"column":62},"end":{"line":38,"column":1}},"line":27},"3":{"name":"(anonymous_3)","decl":{"start":{"line":41,"column":39},"end":{"line":41,"column":40}},"loc":{"start":{"line":41,"column":70},"end":{"line":52,"column":1}},"line":41},"4":{"name":"(anonymous_4)","decl":{"start":{"line":55,"column":31},"end":{"line":55,"column":32}},"loc":{"start":{"line":55,"column":62},"end":{"line":62,"column":1}},"line":55},"5":{"name":"(anonymous_5)","decl":{"start":{"line":64,"column":42},"end":{"line":64,"column":43}},"loc":{"start":{"line":64,"column":73},"end":{"line":71,"column":1}},"line":64},"6":{"name":"(anonymous_6)","decl":{"start":{"line":74,"column":42},"end":{"line":74,"column":43}},"loc":{"start":{"line":74,"column":73},"end":{"line":81,"column":1}},"line":74},"7":{"name":"(anonymous_7)","decl":{"start":{"line":84,"column":59},"end":{"line":84,"column":60}},"loc":{"start":{"line":84,"column":90},"end":{"line":95,"column":1}},"line":84},"8":{"name":"(anonymous_8)","decl":{"start":{"line":98,"column":41},"end":{"line":98,"column":42}},"loc":{"start":{"line":98,"column":72},"end":{"line":109,"column":1}},"line":98},"9":{"name":"(anonymous_9)","decl":{"start":{"line":111,"column":33},"end":{"line":111,"column":34}},"loc":{"start":{"line":111,"column":64},"end":{"line":124,"column":1}},"line":111},"10":{"name":"(anonymous_10)","decl":{"start":{"line":127,"column":40},"end":{"line":127,"column":41}},"loc":{"start":{"line":127,"column":71},"end":{"line":138,"column":1}},"line":127},"11":{"name":"(anonymous_11)","decl":{"start":{"line":140,"column":32},"end":{"line":140,"column":33}},"loc":{"start":{"line":140,"column":63},"end":{"line":153,"column":1}},"line":140},"12":{"name":"(anonymous_12)","decl":{"start":{"line":156,"column":29},"end":{"line":156,"column":30}},"loc":{"start":{"line":156,"column":60},"end":{"line":166,"column":1}},"line":156},"13":{"name":"(anonymous_13)","decl":{"start":{"line":168,"column":55},"end":{"line":168,"column":56}},"loc":{"start":{"line":168,"column":86},"end":{"line":175,"column":1}},"line":168}},"branchMap":{"0":{"loc":{"start":{"line":114,"column":4},"end":{"line":116,"column":5}},"type":"if","locations":[{"start":{"line":114,"column":4},"end":{"line":116,"column":5}},{"start":{},"end":{}}],"line":114},"1":{"loc":{"start":{"line":114,"column":8},"end":{"line":114,"column":58}},"type":"binary-expr","locations":[{"start":{"line":114,"column":8},"end":{"line":114,"column":15}},{"start":{"line":114,"column":19},"end":{"line":114,"column":58}}],"line":114},"2":{"loc":{"start":{"line":119,"column":4},"end":{"line":121,"column":5}},"type":"if","locations":[{"start":{"line":119,"column":4},"end":{"line":121,"column":5}},{"start":{},"end":{}}],"line":119},"3":{"loc":{"start":{"line":119,"column":8},"end":{"line":119,"column":58}},"type":"binary-expr","locations":[{"start":{"line":119,"column":8},"end":{"line":119,"column":15}},{"start":{"line":119,"column":19},"end":{"line":119,"column":58}}],"line":119},"4":{"loc":{"start":{"line":143,"column":4},"end":{"line":145,"column":5}},"type":"if","locations":[{"start":{"line":143,"column":4},"end":{"line":145,"column":5}},{"start":{},"end":{}}],"line":143},"5":{"loc":{"start":{"line":143,"column":8},"end":{"line":143,"column":58}},"type":"binary-expr","locations":[{"start":{"line":143,"column":8},"end":{"line":143,"column":15}},{"start":{"line":143,"column":19},"end":{"line":143,"column":58}}],"line":143},"6":{"loc":{"start":{"line":148,"column":4},"end":{"line":150,"column":5}},"type":"if","locations":[{"start":{"line":148,"column":4},"end":{"line":150,"column":5}},{"start":{},"end":{}}],"line":148},"7":{"loc":{"start":{"line":148,"column":8},"end":{"line":148,"column":58}},"type":"binary-expr","locations":[{"start":{"line":148,"column":8},"end":{"line":148,"column":15}},{"start":{"line":148,"column":19},"end":{"line":148,"column":58}}],"line":148}},"s":{"0":2,"1":2,"2":2,"3":2,"4":2,"5":2,"6":2,"7":2,"8":2,"9":2,"10":2,"11":2,"12":2,"13":0,"14":0,"15":0,"16":2,"17":2,"18":1,"19":1,"20":1,"21":0,"22":2,"23":0,"24":0,"25":0,"26":0,"27":2,"28":0,"29":0,"30":0,"31":0,"32":2,"33":0,"34":0,"35":0,"36":0,"37":2,"38":0,"39":0,"40":0,"41":0,"42":2,"43":0,"44":0,"45":0,"46":0,"47":2,"48":0,"49":0,"50":0,"51":0,"52":2,"53":0,"54":0,"55":0,"56":0,"57":0,"58":0,"59":0,"60":0,"61":2,"62":0,"63":0,"64":0,"65":0,"66":2,"67":0,"68":0,"69":0,"70":0,"71":0,"72":0,"73":0,"74":0,"75":2,"76":0,"77":0,"78":0,"79":0,"80":2,"81":0,"82":0,"83":0,"84":0,"85":2},"f":{"0":0,"1":0,"2":1,"3":0,"4":0,"5":0,"6":0,"7":0,"8":0,"9":0,"10":0,"11":0,"12":0,"13":0},"b":{"0":[0,0],"1":[0,0],"2":[0,0],"3":[0,0],"4":[0,0],"5":[0,0],"6":[0,0],"7":[0,0]},"_coverageSchema":"1a1c01bbd47fc00a2c39e90264f33305004495a9","hash":"9a6512870066aa6482b6155d5bab08d88b820caa"}
}
