TN:
SF:src\app.js
FN:53,(anonymous_0)
FN:61,(anonymous_1)
FN:88,(anonymous_2)
FN:92,(anonymous_3)
FNF:4
FNH:2
FNDA:2,(anonymous_0)
FNDA:2,(anonymous_1)
FNDA:0,(anonymous_2)
FNDA:0,(anonymous_3)
DA:1,1
DA:2,1
DA:3,1
DA:4,1
DA:5,1
DA:6,1
DA:7,1
DA:8,1
DA:9,1
DA:11,1
DA:13,1
DA:14,1
DA:15,1
DA:16,1
DA:19,1
DA:20,1
DA:21,1
DA:23,1
DA:24,1
DA:25,1
DA:26,1
DA:27,1
DA:29,1
DA:30,1
DA:37,1
DA:53,1
DA:54,2
DA:55,2
DA:58,1
DA:60,1
DA:61,1
DA:62,2
DA:63,2
DA:65,2
DA:66,2
DA:67,2
DA:69,0
DA:70,0
DA:71,0
DA:74,2
DA:75,0
DA:76,0
DA:78,2
DA:81,2
DA:84,1
DA:85,1
DA:86,1
DA:88,1
DA:89,0
DA:92,1
DA:93,0
DA:94,0
DA:96,0
DA:103,0
DA:105,0
DA:112,1
LF:56
LH:45
BRDA:29,0,0,1
BRDA:29,0,1,0
BRDA:39,1,0,1
BRDA:39,1,1,0
BRDA:54,2,0,0
BRDA:54,2,1,2
BRDA:62,3,0,0
BRDA:62,3,1,2
BRDA:62,4,0,2
BRDA:62,4,1,2
BRDA:74,5,0,0
BRDA:74,5,1,2
BRDA:74,6,0,2
BRDA:74,6,1,2
BRDA:93,7,0,0
BRDA:93,7,1,0
BRDA:103,8,0,0
BRDA:103,8,1,0
BRDA:106,9,0,0
BRDA:106,9,1,0
BRDA:108,10,0,0
BRDA:108,10,1,0
BRF:22
BRH:9
end_of_record
TN:
SF:src\controllers\admin\AdminController.js
FN:2,(anonymous_0)
FNF:1
FNH:0
FNDA:0,(anonymous_0)
DA:3,0
DA:5,0
DA:13,0
DA:18,1
LF:4
LH:1
BRF:0
BRH:0
end_of_record
TN:
SF:src\controllers\admin\CompanyController.js
FN:7,(anonymous_0)
FN:17,(anonymous_1)
FN:26,(anonymous_2)
FN:27,(anonymous_3)
FN:49,(anonymous_4)
FN:58,(anonymous_5)
FN:59,(anonymous_6)
FN:103,(anonymous_7)
FNF:8
FNH:0
FNDA:0,(anonymous_0)
FNDA:0,(anonymous_1)
FNDA:0,(anonymous_2)
FNDA:0,(anonymous_3)
FNDA:0,(anonymous_4)
FNDA:0,(anonymous_5)
FNDA:0,(anonymous_6)
FNDA:0,(anonymous_7)
DA:1,1
DA:2,1
DA:3,1
DA:5,1
DA:8,0
DA:9,0
DA:10,0
DA:12,0
DA:18,0
DA:19,0
DA:26,0
DA:27,0
DA:28,0
DA:29,0
DA:33,0
DA:35,0
DA:36,0
DA:37,0
DA:38,0
DA:41,0
DA:42,0
DA:44,0
DA:50,0
DA:51,0
DA:58,0
DA:59,0
DA:60,0
DA:61,0
DA:65,0
DA:66,0
DA:68,0
DA:69,0
DA:70,0
DA:73,0
DA:76,0
DA:78,0
DA:79,0
DA:81,0
DA:82,0
DA:83,0
DA:84,0
DA:85,0
DA:88,0
DA:96,0
DA:98,0
DA:104,0
DA:105,0
DA:106,0
DA:107,0
DA:108,0
DA:110,0
DA:111,0
DA:112,0
DA:114,0
LF:54
LH:4
BRDA:28,0,0,0
BRDA:28,0,1,0
BRDA:36,1,0,0
BRDA:36,1,1,0
BRDA:60,2,0,0
BRDA:60,2,1,0
BRDA:69,3,0,0
BRDA:69,3,1,0
BRDA:76,4,0,0
BRDA:76,4,1,0
BRDA:78,5,0,0
BRDA:78,5,1,0
BRDA:83,6,0,0
BRDA:83,6,1,0
BRDA:83,7,0,0
BRDA:83,7,1,0
BRDA:107,8,0,0
BRDA:107,8,1,0
BRDA:110,9,0,0
BRDA:110,9,1,0
BRF:20
BRH:0
end_of_record
TN:
SF:src\controllers\admin\GlobalCatalogController.js
FN:5,(anonymous_0)
FN:50,(anonymous_1)
FN:72,(anonymous_2)
FN:110,(anonymous_3)
FN:125,(anonymous_4)
FNF:5
FNH:0
FNDA:0,(anonymous_0)
FNDA:0,(anonymous_1)
FNDA:0,(anonymous_2)
FNDA:0,(anonymous_3)
FNDA:0,(anonymous_4)
DA:1,1
DA:2,1
DA:4,1
DA:6,0
DA:7,0
DA:8,0
DA:9,0
DA:10,0
DA:12,0
DA:14,0
DA:15,0
DA:22,0
DA:23,0
DA:29,0
DA:36,0
DA:45,0
DA:46,0
DA:51,0
DA:52,0
DA:53,0
DA:61,0
DA:62,0
DA:65,0
DA:67,0
DA:68,0
DA:74,0
DA:75,0
DA:76,0
DA:77,0
DA:79,0
DA:80,0
DA:81,0
DA:84,0
DA:85,0
DA:86,0
DA:87,0
DA:89,0
DA:90,0
DA:93,0
DA:96,0
DA:103,0
DA:105,0
DA:106,0
DA:111,0
DA:112,0
DA:113,0
DA:114,0
DA:116,0
DA:117,0
DA:118,0
DA:121,0
DA:124,0
DA:125,0
DA:126,0
DA:129,0
DA:131,0
DA:133,0
DA:140,0
DA:142,0
DA:144,0
LF:60
LH:3
BRDA:7,0,0,0
BRDA:7,0,1,0
BRDA:14,1,0,0
BRDA:14,1,1,0
BRDA:22,2,0,0
BRDA:22,2,1,0
BRDA:42,3,0,0
BRDA:42,3,1,0
BRDA:61,4,0,0
BRDA:61,4,1,0
BRDA:80,5,0,0
BRDA:80,5,1,0
BRDA:89,6,0,0
BRDA:89,6,1,0
BRDA:117,7,0,0
BRDA:117,7,1,0
BRDA:126,8,0,0
BRDA:126,8,1,0
BRDA:129,9,0,0
BRDA:129,9,1,0
BRF:20
BRH:0
end_of_record
TN:
SF:src\controllers\site\AuthController.js
FN:6,(anonymous_0)
FN:13,(anonymous_1)
FN:35,(anonymous_2)
FN:42,(anonymous_3)
FN:89,(anonymous_4)
FN:90,(anonymous_5)
FN:91,(anonymous_6)
FNF:7
FNH:2
FNDA:1,(anonymous_0)
FNDA:0,(anonymous_1)
FNDA:1,(anonymous_2)
FNDA:0,(anonymous_3)
FNDA:0,(anonymous_4)
FNDA:0,(anonymous_5)
FNDA:0,(anonymous_6)
DA:1,1
DA:2,1
DA:4,1
DA:7,1
DA:14,0
DA:15,0
DA:17,0
DA:18,0
DA:21,0
DA:29,0
DA:31,0
DA:36,1
DA:43,0
DA:46,0
DA:47,0
DA:48,0
DA:51,0
DA:52,0
DA:54,0
DA:56,0
DA:57,0
DA:60,0
DA:62,0
DA:71,0
DA:72,0
DA:80,0
DA:81,0
DA:83,0
DA:84,0
DA:90,0
DA:91,0
DA:92,0
DA:93,0
LF:33
LH:5
BRDA:17,0,0,0
BRDA:17,0,1,0
BRDA:17,1,0,0
BRDA:17,1,1,0
BRDA:29,2,0,0
BRDA:29,2,1,0
BRDA:47,3,0,0
BRDA:47,3,1,0
BRDA:92,4,0,0
BRDA:92,4,1,0
BRF:10
BRH:0
end_of_record
TN:
SF:src\controllers\site\SiteController.js
FN:2,(anonymous_0)
FNF:1
FNH:0
FNDA:0,(anonymous_0)
DA:3,0
DA:5,0
DA:14,0
DA:19,1
LF:4
LH:1
BRF:0
BRH:0
end_of_record
TN:
SF:src\controllers\user\CategoryController.js
FN:4,(anonymous_0)
FN:17,(anonymous_1)
FN:34,(anonymous_2)
FN:50,(anonymous_3)
FNF:4
FNH:0
FNDA:0,(anonymous_0)
FNDA:0,(anonymous_1)
FNDA:0,(anonymous_2)
FNDA:0,(anonymous_3)
DA:1,1
DA:3,1
DA:5,0
DA:6,0
DA:7,0
DA:11,0
DA:13,0
DA:18,0
DA:19,0
DA:20,0
DA:22,0
DA:28,0
DA:30,0
DA:35,0
DA:36,0
DA:37,0
DA:38,0
DA:40,0
DA:41,0
DA:43,0
DA:44,0
DA:46,0
DA:51,0
DA:52,0
DA:53,0
DA:55,0
DA:56,0
DA:58,0
DA:59,0
DA:61,0
LF:30
LH:2
BRDA:41,0,0,0
BRDA:41,0,1,0
BRDA:56,1,0,0
BRDA:56,1,1,0
BRF:4
BRH:0
end_of_record
TN:
SF:src\controllers\user\DashboardController.js
FN:4,(anonymous_0)
FNF:1
FNH:0
FNDA:0,(anonymous_0)
DA:1,1
DA:5,0
DA:6,0
DA:9,0
DA:14,0
DA:22,0
DA:30,0
DA:35,0
DA:39,0
DA:49,0
DA:54,1
LF:11
LH:2
BRDA:30,0,0,0
BRDA:30,0,1,0
BRDA:30,1,0,0
BRDA:30,1,1,0
BRDA:35,2,0,0
BRDA:35,2,1,0
BRF:6
BRH:0
end_of_record
TN:
SF:src\controllers\user\GlobalCatalogController.js
FN:4,(anonymous_0)
FN:40,(anonymous_1)
FNF:2
FNH:0
FNDA:0,(anonymous_0)
FNDA:0,(anonymous_1)
DA:1,1
DA:3,1
DA:5,0
DA:6,0
DA:8,0
DA:9,0
DA:12,0
DA:16,0
DA:17,0
DA:20,0
DA:35,0
DA:36,0
DA:41,0
DA:44,0
DA:45,0
DA:47,0
DA:48,0
DA:51,0
DA:52,0
DA:53,0
DA:55,0
DA:56,0
DA:58,0
DA:72,0
DA:75,0
DA:77,0
DA:78,0
DA:82,0
DA:83,0
DA:93,0
DA:100,0
DA:101,0
LF:32
LH:2
BRDA:8,0,0,0
BRDA:8,0,1,0
BRDA:16,1,0,0
BRDA:16,1,1,0
BRDA:45,2,0,0
BRDA:45,2,1,0
BRDA:47,3,0,0
BRDA:47,3,1,0
BRDA:47,4,0,0
BRDA:47,4,1,0
BRDA:55,5,0,0
BRDA:55,5,1,0
BRDA:77,6,0,0
BRDA:77,6,1,0
BRDA:90,7,0,0
BRDA:90,7,1,0
BRF:16
BRH:0
end_of_record
TN:
SF:src\controllers\user\ProductController.js
FN:8,(anonymous_0)
FN:81,(anonymous_1)
FN:124,(anonymous_2)
FN:168,(anonymous_3)
FN:185,(anonymous_4)
FN:211,(anonymous_5)
FN:232,(anonymous_6)
FN:303,(anonymous_7)
FNF:8
FNH:0
FNDA:0,(anonymous_0)
FNDA:0,(anonymous_1)
FNDA:0,(anonymous_2)
FNDA:0,(anonymous_3)
FNDA:0,(anonymous_4)
FNDA:0,(anonymous_5)
FNDA:0,(anonymous_6)
FNDA:0,(anonymous_7)
DA:1,1
DA:2,1
DA:3,1
DA:4,1
DA:6,1
DA:9,0
DA:10,0
DA:17,0
DA:19,0
DA:21,0
DA:23,0
DA:24,0
DA:30,0
DA:31,0
DA:35,0
DA:36,0
DA:37,0
DA:43,0
DA:55,0
DA:56,0
DA:58,0
DA:75,0
DA:76,0
DA:82,0
DA:83,0
DA:84,0
DA:85,0
DA:87,0
DA:88,0
DA:90,0
DA:92,0
DA:93,0
DA:94,0
DA:95,0
DA:96,0
DA:99,0
DA:100,0
DA:115,0
DA:116,0
DA:118,0
DA:119,0
DA:125,0
DA:126,0
DA:127,0
DA:128,0
DA:130,0
DA:131,0
DA:133,0
DA:136,0
DA:138,0
DA:139,0
DA:141,0
DA:142,0
DA:143,0
DA:144,0
DA:145,0
DA:148,0
DA:161,0
DA:163,0
DA:169,0
DA:170,0
DA:171,0
DA:173,0
DA:174,0
DA:176,0
DA:178,0
DA:180,0
DA:186,0
DA:187,0
DA:188,0
DA:190,0
DA:191,0
DA:193,0
DA:194,0
DA:195,0
DA:196,0
DA:197,0
DA:199,0
DA:200,0
DA:202,0
DA:204,0
DA:206,0
DA:212,0
DA:213,0
DA:214,0
DA:216,0
DA:218,0
DA:225,0
DA:227,0
DA:233,0
DA:234,0
DA:235,0
DA:237,0
DA:239,0
DA:240,0
DA:242,0
DA:243,0
DA:245,0
DA:246,0
DA:247,0
DA:249,0
DA:250,0
DA:251,0
DA:252,0
DA:253,0
DA:254,0
DA:255,0
DA:256,0
DA:257,0
DA:259,0
DA:260,0
DA:261,0
DA:262,0
DA:265,0
DA:270,0
DA:274,0
DA:275,0
DA:276,0
DA:284,0
DA:291,0
DA:292,0
DA:293,0
DA:296,0
DA:298,0
DA:304,0
DA:305,0
DA:306,0
DA:308,0
DA:310,0
DA:322,0
DA:324,0
LF:131
LH:5
BRDA:12,0,0,0
BRDA:13,1,0,0
BRDA:14,2,0,0
BRDA:15,3,0,0
BRDA:16,4,0,0
BRDA:23,5,0,0
BRDA:23,5,1,0
BRDA:30,6,0,0
BRDA:30,6,1,0
BRDA:30,7,0,0
BRDA:30,7,1,0
BRDA:36,8,0,0
BRDA:36,8,1,0
BRDA:85,9,0,0
BRDA:85,9,1,0
BRDA:93,10,0,0
BRDA:93,10,1,0
BRDA:107,11,0,0
BRDA:107,11,1,0
BRDA:108,12,0,0
BRDA:108,12,1,0
BRDA:109,13,0,0
BRDA:109,13,1,0
BRDA:110,14,0,0
BRDA:110,14,1,0
BRDA:111,15,0,0
BRDA:111,15,1,0
BRDA:131,16,0,0
BRDA:131,16,1,0
BRDA:136,17,0,0
BRDA:136,17,1,0
BRDA:138,18,0,0
BRDA:138,18,1,0
BRDA:143,19,0,0
BRDA:143,19,1,0
BRDA:143,20,0,0
BRDA:143,20,1,0
BRDA:154,21,0,0
BRDA:154,21,1,0
BRDA:155,22,0,0
BRDA:155,22,1,0
BRDA:156,23,0,0
BRDA:156,23,1,0
BRDA:157,24,0,0
BRDA:157,24,1,0
BRDA:174,25,0,0
BRDA:174,25,1,0
BRDA:191,26,0,0
BRDA:191,26,1,0
BRDA:200,27,0,0
BRDA:200,27,1,0
BRDA:216,28,0,0
BRDA:216,28,1,0
BRDA:216,29,0,0
BRDA:216,29,1,0
BRDA:237,30,0,0
BRDA:237,30,1,0
BRDA:237,31,0,0
BRDA:237,31,1,0
BRDA:249,32,0,0
BRDA:249,32,1,0
BRDA:250,33,0,0
BRDA:250,33,1,0
BRDA:253,34,0,0
BRDA:253,34,1,0
BRDA:254,35,0,0
BRDA:254,35,1,0
BRDA:257,36,0,0
BRDA:257,36,1,0
BRDA:259,37,0,0
BRDA:259,37,1,0
BRDA:260,38,0,0
BRDA:260,38,1,0
BRDA:274,39,0,0
BRDA:274,39,1,0
BRDA:291,40,0,0
BRDA:291,40,1,0
BRDA:308,41,0,0
BRDA:308,41,1,0
BRDA:308,42,0,0
BRDA:308,42,1,0
BRF:81
BRH:0
end_of_record
TN:
SF:src\controllers\user\ProfileController.js
FN:6,(anonymous_0)
FN:18,(anonymous_1)
FN:27,(anonymous_2)
FN:28,(anonymous_3)
FN:75,(anonymous_4)
FNF:5
FNH:0
FNDA:0,(anonymous_0)
FNDA:0,(anonymous_1)
FNDA:0,(anonymous_2)
FNDA:0,(anonymous_3)
FNDA:0,(anonymous_4)
DA:1,1
DA:2,1
DA:3,1
DA:7,0
DA:8,0
DA:9,0
DA:14,0
DA:19,0
DA:21,0
DA:27,0
DA:28,0
DA:29,0
DA:30,0
DA:34,0
DA:35,0
DA:37,0
DA:38,0
DA:39,0
DA:47,0
DA:48,0
DA:51,0
DA:53,0
DA:54,0
DA:56,0
DA:57,0
DA:58,0
DA:59,0
DA:60,0
DA:63,0
DA:66,0
DA:67,0
DA:68,0
DA:70,0
DA:75,0
DA:76,0
DA:79,0
DA:84,1
LF:37
LH:4
BRDA:29,0,0,0
BRDA:29,0,1,0
BRDA:37,1,0,0
BRDA:37,1,1,0
BRDA:37,2,0,0
BRDA:37,2,1,0
BRDA:51,3,0,0
BRDA:51,3,1,0
BRDA:53,4,0,0
BRDA:53,4,1,0
BRDA:58,5,0,0
BRDA:58,5,1,0
BRDA:58,6,0,0
BRDA:58,6,1,0
BRF:14
BRH:0
end_of_record
TN:
SF:src\controllers\user\StockController.js
FN:5,(anonymous_0)
FN:38,(anonymous_1)
FNF:2
FNH:0
FNDA:0,(anonymous_0)
FNDA:0,(anonymous_1)
DA:1,1
DA:3,1
DA:6,0
DA:7,0
DA:8,0
DA:11,0
DA:15,0
DA:16,0
DA:19,0
DA:30,0
DA:32,0
DA:33,0
DA:39,0
DA:40,0
DA:41,0
DA:42,0
DA:45,0
DA:49,0
DA:50,0
DA:54,0
DA:55,0
DA:59,0
DA:60,0
DA:61,0
DA:65,0
DA:66,0
DA:70,0
DA:79,0
DA:80,0
DA:81,0
DA:82,0
DA:83,0
DA:84,0
DA:85,0
DA:89,0
DA:90,0
DA:93,0
DA:94,0
DA:97,0
DA:98,0
DA:105,0
DA:107,0
DA:108,0
DA:111,0
DA:112,0
DA:119,0
LF:46
LH:2
BRDA:15,0,0,0
BRDA:15,0,1,0
BRDA:49,1,0,0
BRDA:49,1,1,0
BRDA:54,2,0,0
BRDA:54,2,1,0
BRDA:60,3,0,0
BRDA:60,3,1,0
BRDA:60,4,0,0
BRDA:60,4,1,0
BRDA:65,5,0,0
BRDA:65,5,1,0
BRDA:65,6,0,0
BRDA:65,6,1,0
BRDA:74,7,0,0
BRDA:74,7,1,0
BRDA:80,8,0,0
BRDA:80,8,1,0
BRDA:82,9,0,0
BRDA:82,9,1,0
BRDA:84,10,0,0
BRDA:84,10,1,0
BRDA:89,11,0,0
BRDA:89,11,1,0
BRDA:97,12,0,0
BRDA:97,12,1,0
BRDA:111,13,0,0
BRDA:111,13,1,0
BRF:28
BRH:0
end_of_record
TN:
SF:src\controllers\user\SupplierController.js
FN:4,(anonymous_0)
FN:17,(anonymous_1)
FN:35,(anonymous_2)
FN:51,(anonymous_3)
FNF:4
FNH:0
FNDA:0,(anonymous_0)
FNDA:0,(anonymous_1)
FNDA:0,(anonymous_2)
FNDA:0,(anonymous_3)
DA:1,1
DA:3,1
DA:5,0
DA:6,0
DA:7,0
DA:11,0
DA:13,0
DA:18,0
DA:19,0
DA:20,0
DA:22,0
DA:29,0
DA:31,0
DA:36,0
DA:37,0
DA:38,0
DA:39,0
DA:41,0
DA:42,0
DA:44,0
DA:45,0
DA:47,0
DA:52,0
DA:53,0
DA:54,0
DA:56,0
DA:57,0
DA:59,0
DA:60,0
DA:62,0
LF:30
LH:2
BRDA:42,0,0,0
BRDA:42,0,1,0
BRDA:57,1,0,0
BRDA:57,1,1,0
BRF:4
BRH:0
end_of_record
TN:
SF:src\middleware\auth.js
FN:1,(anonymous_0)
FNF:1
FNH:0
FNDA:0,(anonymous_0)
DA:1,1
DA:3,0
DA:4,0
DA:7,0
DA:10,0
DA:11,0
DA:12,0
DA:13,0
DA:14,0
DA:17,0
DA:21,0
DA:22,0
DA:25,0
LF:13
LH:1
BRDA:3,0,0,0
BRDA:3,0,1,0
BRDA:3,1,0,0
BRDA:3,1,1,0
BRDA:10,2,0,0
BRDA:10,2,1,0
BRDA:10,3,0,0
BRDA:10,3,1,0
BRDA:21,4,0,0
BRDA:21,4,1,0
BRDA:21,5,0,0
BRDA:21,5,1,0
BRF:12
BRH:0
end_of_record
TN:
SF:src\middleware\license.js
FN:3,(anonymous_0)
FNF:1
FNH:0
FNDA:0,(anonymous_0)
DA:1,1
DA:3,1
DA:4,0
DA:5,0
DA:6,0
DA:9,0
DA:11,0
DA:12,0
DA:15,0
DA:16,0
DA:19,0
DA:20,0
DA:27,0
DA:29,0
LF:14
LH:2
BRDA:5,0,0,0
BRDA:5,0,1,0
BRDA:5,1,0,0
BRDA:5,1,1,0
BRDA:5,1,2,0
BRDA:11,2,0,0
BRDA:11,2,1,0
BRDA:15,3,0,0
BRDA:15,3,1,0
BRDA:19,4,0,0
BRDA:19,4,1,0
BRDA:19,5,0,0
BRDA:19,5,1,0
BRF:13
BRH:0
end_of_record
TN:
SF:src\middleware\uploadMiddleware.js
FN:5,(anonymous_0)
FN:11,(anonymous_1)
FN:22,(anonymous_2)
FN:29,(anonymous_3)
FN:39,(anonymous_4)
FN:48,(anonymous_5)
FN:52,(anonymous_6)
FNF:7
FNH:1
FNDA:0,(anonymous_0)
FNDA:0,(anonymous_1)
FNDA:0,(anonymous_2)
FNDA:0,(anonymous_3)
FNDA:1,(anonymous_4)
FNDA:0,(anonymous_5)
FNDA:0,(anonymous_6)
DA:1,1
DA:2,1
DA:3,1
DA:5,1
DA:6,0
DA:7,0
DA:11,1
DA:12,0
DA:13,0
DA:14,0
DA:16,0
DA:17,0
DA:19,0
DA:22,1
DA:23,0
DA:24,0
DA:25,0
DA:26,0
DA:29,1
DA:30,0
DA:32,0
DA:33,0
DA:35,0
DA:39,1
DA:45,1
DA:47,1
DA:49,0
DA:50,0
DA:53,0
DA:54,0
DA:55,0
DA:56,0
DA:60,1
DA:70,1
LF:34
LH:12
BRDA:6,0,0,0
BRDA:6,0,1,0
BRDA:11,1,0,0
BRDA:32,2,0,0
BRDA:32,2,1,0
BRDA:39,3,0,0
BRDA:41,4,0,0
BRDA:42,5,0,0
BRDA:43,6,0,1
BRDA:44,7,0,0
BRF:10
BRH:1
end_of_record
TN:
SF:src\middleware\validation.js
FN:9,(anonymous_0)
FN:14,(anonymous_1)
FN:70,(anonymous_2)
FN:71,(anonymous_3)
FN:73,(anonymous_4)
FN:96,(anonymous_5)
FN:104,(anonymous_6)
FN:106,(anonymous_7)
FN:134,(anonymous_8)
FN:137,(anonymous_9)
FN:164,(anonymous_10)
FN:189,(anonymous_11)
FN:190,(anonymous_12)
FN:203,(anonymous_13)
FN:210,(anonymous_14)
FNF:15
FNH:0
FNDA:0,(anonymous_0)
FNDA:0,(anonymous_1)
FNDA:0,(anonymous_2)
FNDA:0,(anonymous_3)
FNDA:0,(anonymous_4)
FNDA:0,(anonymous_5)
FNDA:0,(anonymous_6)
FNDA:0,(anonymous_7)
FNDA:0,(anonymous_8)
FNDA:0,(anonymous_9)
FNDA:0,(anonymous_10)
FNDA:0,(anonymous_11)
FNDA:0,(anonymous_12)
FNDA:0,(anonymous_13)
FNDA:0,(anonymous_14)
DA:1,1
DA:9,1
DA:10,0
DA:12,0
DA:14,0
DA:21,0
DA:22,0
DA:23,0
DA:24,0
DA:25,0
DA:26,0
DA:29,0
DA:33,0
DA:36,0
DA:37,0
DA:45,0
DA:46,0
DA:54,0
DA:61,0
DA:70,1
DA:71,0
DA:73,0
DA:76,0
DA:78,0
DA:79,0
DA:80,0
DA:83,0
DA:86,0
DA:96,1
DA:102,0
DA:104,0
DA:106,0
DA:109,0
DA:111,0
DA:112,0
DA:116,0
DA:117,0
DA:125,0
DA:134,1
DA:135,0
DA:137,0
DA:138,0
DA:139,0
DA:142,0
DA:144,0
DA:145,0
DA:148,0
DA:149,0
DA:152,0
DA:153,0
DA:157,0
DA:158,0
DA:161,0
DA:164,0
DA:165,0
DA:166,0
DA:169,0
DA:170,0
DA:171,0
DA:172,0
DA:174,0
DA:177,0
DA:180,0
DA:189,1
DA:190,0
DA:191,0
DA:192,0
DA:194,0
DA:203,1
DA:208,0
DA:210,0
DA:211,0
DA:212,0
DA:217,0
DA:219,0
DA:220,0
DA:226,0
DA:227,0
DA:233,0
DA:237,1
LF:80
LH:8
BRDA:12,0,0,0
BRDA:12,0,1,0
BRDA:15,1,0,0
BRDA:15,1,1,0
BRDA:21,2,0,0
BRDA:21,2,1,0
BRDA:21,3,0,0
BRDA:21,3,1,0
BRDA:24,4,0,0
BRDA:24,4,1,0
BRDA:36,5,0,0
BRDA:36,5,1,0
BRDA:36,6,0,0
BRDA:36,6,1,0
BRDA:45,7,0,0
BRDA:45,7,1,0
BRDA:70,8,0,0
BRDA:78,9,0,0
BRDA:78,9,1,0
BRDA:79,10,0,0
BRDA:79,10,1,0
BRDA:96,11,0,0
BRDA:98,12,0,0
BRDA:99,13,0,0
BRDA:100,14,0,0
BRDA:101,15,0,0
BRDA:111,16,0,0
BRDA:111,16,1,0
BRDA:116,17,0,0
BRDA:116,17,1,0
BRDA:116,18,0,0
BRDA:116,18,1,0
BRDA:116,18,2,0
BRDA:116,18,3,0
BRDA:138,19,0,0
BRDA:138,19,1,0
BRDA:144,20,0,0
BRDA:144,20,1,0
BRDA:148,21,0,0
BRDA:148,21,1,0
BRDA:152,22,0,0
BRDA:152,22,1,0
BRDA:165,23,0,0
BRDA:165,23,1,0
BRDA:169,24,0,0
BRDA:169,24,1,0
BRDA:169,25,0,0
BRDA:169,25,1,0
BRDA:191,26,0,0
BRDA:191,26,1,0
BRDA:203,27,0,0
BRDA:205,28,0,0
BRDA:206,29,0,0
BRDA:207,30,0,0
BRDA:211,31,0,0
BRDA:211,31,1,0
BRDA:211,32,0,0
BRDA:211,32,1,0
BRDA:217,33,0,0
BRDA:217,33,1,0
BRDA:219,34,0,0
BRDA:219,34,1,0
BRDA:226,35,0,0
BRDA:226,35,1,0
BRF:64
BRH:0
end_of_record
TN:
SF:src\models\Category.js
FN:5,(anonymous_0)
FN:12,(anonymous_1)
FNF:2
FNH:2
FNDA:1,(anonymous_0)
FNDA:1,(anonymous_1)
DA:4,1
DA:5,1
DA:13,1
DA:14,1
DA:17,1
DA:29,1
LF:6
LH:6
BRF:0
BRH:0
end_of_record
TN:
SF:src\models\Company.js
FN:1,(anonymous_0)
FN:38,(anonymous_1)
FNF:2
FNH:2
FNDA:1,(anonymous_0)
FNDA:1,(anonymous_1)
DA:1,1
DA:2,1
DA:38,1
DA:39,1
DA:40,1
DA:43,1
LF:6
LH:6
BRF:0
BRH:0
end_of_record
TN:
SF:src\models\GlobalProduct.js
FN:1,(anonymous_0)
FN:78,(anonymous_1)
FNF:2
FNH:2
FNDA:1,(anonymous_0)
FNDA:1,(anonymous_1)
DA:1,1
DA:2,1
DA:78,1
DA:79,1
DA:83,1
DA:86,1
LF:6
LH:6
BRF:0
BRH:0
end_of_record
TN:
SF:src\models\GlobalProductHistory.js
FN:1,(anonymous_0)
FN:35,(anonymous_1)
FNF:2
FNH:2
FNDA:1,(anonymous_0)
FNDA:1,(anonymous_1)
DA:1,1
DA:2,1
DA:35,1
DA:36,1
DA:37,1
DA:40,1
LF:6
LH:6
BRF:0
BRH:0
end_of_record
TN:
SF:src\models\Product.js
FN:1,(anonymous_0)
FN:68,(anonymous_1)
FNF:2
FNH:2
FNDA:1,(anonymous_0)
FNDA:1,(anonymous_1)
DA:1,1
DA:2,1
DA:68,1
DA:69,1
DA:70,1
DA:71,1
DA:72,1
DA:75,1
LF:8
LH:8
BRF:0
BRH:0
end_of_record
TN:
SF:src\models\StockMovement.js
FN:1,(anonymous_0)
FN:36,(anonymous_1)
FNF:2
FNH:2
FNDA:1,(anonymous_0)
FNDA:1,(anonymous_1)
DA:1,1
DA:2,1
DA:36,1
DA:37,1
DA:38,1
DA:39,1
DA:42,1
LF:7
LH:7
BRF:0
BRH:0
end_of_record
TN:
SF:src\models\Supplier.js
FN:5,(anonymous_0)
FN:12,(anonymous_1)
FNF:2
FNH:2
FNDA:1,(anonymous_0)
FNDA:1,(anonymous_1)
DA:4,1
DA:5,1
DA:13,1
DA:17,1
DA:20,1
DA:33,1
LF:6
LH:6
BRF:0
BRH:0
end_of_record
TN:
SF:src\models\User.js
FN:1,(anonymous_0)
FN:40,(anonymous_1)
FNF:2
FNH:2
FNDA:1,(anonymous_0)
FNDA:1,(anonymous_1)
DA:1,1
DA:2,1
DA:40,1
DA:41,1
DA:44,1
LF:5
LH:5
BRF:0
BRH:0
end_of_record
TN:
SF:src\models\index.js
FN:64,(anonymous_0)
FN:72,(anonymous_1)
FN:77,(anonymous_2)
FNF:3
FNH:3
FNDA:10,(anonymous_0)
FNDA:9,(anonymous_1)
FNDA:9,(anonymous_2)
DA:3,1
DA:4,1
DA:5,1
DA:6,1
DA:8,1
DA:9,1
DA:11,1
DA:12,1
DA:14,1
DA:41,1
DA:42,1
DA:43,1
DA:44,1
DA:45,1
DA:46,1
DA:47,1
DA:49,1
DA:50,1
DA:52,1
DA:62,1
DA:65,10
DA:73,9
DA:74,9
DA:77,1
DA:78,9
DA:79,9
DA:83,1
DA:84,1
DA:86,1
LF:29
LH:29
BRDA:11,0,0,1
BRDA:11,0,1,0
BRDA:41,1,0,1
BRDA:41,1,1,0
BRDA:42,2,0,1
BRDA:42,2,1,0
BRDA:43,3,0,1
BRDA:43,3,1,0
BRDA:44,4,0,1
BRDA:44,4,1,0
BRDA:45,5,0,1
BRDA:45,5,1,0
BRDA:46,6,0,1
BRDA:46,6,1,0
BRDA:47,7,0,1
BRDA:47,7,1,0
BRDA:56,8,0,0
BRDA:56,8,1,1
BRDA:66,9,0,10
BRDA:66,9,1,10
BRDA:66,9,2,9
BRDA:66,9,3,9
BRDA:78,10,0,9
BRDA:78,10,1,0
BRF:24
BRH:14
end_of_record
TN:
SF:src\models\stocklot.js
FN:5,(anonymous_0)
FN:12,(anonymous_1)
FNF:2
FNH:2
FNDA:1,(anonymous_0)
FNDA:1,(anonymous_1)
DA:4,1
DA:5,1
DA:13,1
DA:14,1
DA:15,1
DA:18,1
DA:33,1
LF:7
LH:7
BRF:0
BRH:0
end_of_record
TN:
SF:src\routes\admin.js
FN:8,(anonymous_0)
FN:22,(anonymous_1)
FN:36,(anonymous_2)
FN:46,(anonymous_3)
FN:58,(anonymous_4)
FN:71,(anonymous_5)
FNF:6
FNH:0
FNDA:0,(anonymous_0)
FNDA:0,(anonymous_1)
FNDA:0,(anonymous_2)
FNDA:0,(anonymous_3)
FNDA:0,(anonymous_4)
FNDA:0,(anonymous_5)
DA:1,1
DA:2,1
DA:3,1
DA:4,1
DA:5,1
DA:8,1
DA:9,0
DA:10,0
DA:11,0
DA:17,0
DA:22,1
DA:23,0
DA:24,0
DA:25,0
DA:31,0
DA:36,1
DA:37,0
DA:38,0
DA:39,0
DA:41,0
DA:46,1
DA:47,0
DA:48,0
DA:49,0
DA:51,0
DA:56,1
DA:58,1
DA:59,0
DA:60,0
DA:61,0
DA:67,0
DA:71,1
DA:72,0
DA:73,0
DA:74,0
DA:80,0
DA:84,1
DA:85,1
DA:88,1
LF:39
LH:15
BRF:0
BRH:0
end_of_record
TN:
SF:src\routes\index.js
FN:7,redirectIfAuthenticated
FN:34,(anonymous_1)
FN:47,(anonymous_2)
FN:49,(anonymous_3)
FN:52,(anonymous_4)
FN:57,(anonymous_5)
FN:61,(anonymous_6)
FN:73,(anonymous_7)
FN:75,(anonymous_8)
FN:78,(anonymous_9)
FN:83,(anonymous_10)
FN:97,(anonymous_11)
FNF:12
FNH:5
FNDA:2,redirectIfAuthenticated
FNDA:0,(anonymous_1)
FNDA:1,(anonymous_2)
FNDA:1,(anonymous_3)
FNDA:0,(anonymous_4)
FNDA:0,(anonymous_5)
FNDA:0,(anonymous_6)
FNDA:1,(anonymous_7)
FNDA:1,(anonymous_8)
FNDA:0,(anonymous_9)
FNDA:0,(anonymous_10)
FNDA:0,(anonymous_11)
DA:1,1
DA:2,1
DA:3,1
DA:4,1
DA:8,2
DA:9,0
DA:12,0
DA:14,0
DA:16,0
DA:17,0
DA:21,0
DA:22,0
DA:24,0
DA:27,0
DA:30,2
DA:34,1
DA:35,0
DA:36,0
DA:37,0
DA:42,0
DA:47,1
DA:48,1
DA:50,1
DA:53,0
DA:57,1
DA:58,0
DA:59,0
DA:60,0
DA:61,0
DA:62,0
DA:65,0
DA:73,1
DA:74,1
DA:76,1
DA:79,0
DA:83,1
DA:84,0
DA:85,0
DA:86,0
DA:88,0
DA:89,0
DA:97,1
DA:98,0
DA:99,0
DA:100,0
DA:102,0
DA:106,1
LF:47
LH:17
BRDA:8,0,0,0
BRDA:8,0,1,2
BRDA:8,1,0,2
BRDA:8,1,1,2
BRDA:14,2,0,0
BRDA:14,2,1,0
BRDA:14,2,2,0
BRDA:14,2,3,0
BRDA:14,2,4,0
BRF:9
BRH:3
end_of_record
TN:
SF:src\routes\users.js
FN:34,(anonymous_0)
FN:37,(anonymous_1)
FN:45,(anonymous_2)
FN:59,(anonymous_3)
FN:73,(anonymous_4)
FN:106,(anonymous_5)
FN:138,(anonymous_6)
FN:148,(anonymous_7)
FN:159,(anonymous_8)
FN:168,(anonymous_9)
FN:178,(anonymous_10)
FN:187,(anonymous_11)
FN:196,(anonymous_12)
FN:206,(anonymous_13)
FN:220,(anonymous_14)
FN:233,(anonymous_15)
FN:249,(anonymous_16)
FN:262,(anonymous_17)
FN:278,(anonymous_18)
FN:290,(anonymous_19)
FNF:20
FNH:0
FNDA:0,(anonymous_0)
FNDA:0,(anonymous_1)
FNDA:0,(anonymous_2)
FNDA:0,(anonymous_3)
FNDA:0,(anonymous_4)
FNDA:0,(anonymous_5)
FNDA:0,(anonymous_6)
FNDA:0,(anonymous_7)
FNDA:0,(anonymous_8)
FNDA:0,(anonymous_9)
FNDA:0,(anonymous_10)
FNDA:0,(anonymous_11)
FNDA:0,(anonymous_12)
FNDA:0,(anonymous_13)
FNDA:0,(anonymous_14)
FNDA:0,(anonymous_15)
FNDA:0,(anonymous_16)
FNDA:0,(anonymous_17)
FNDA:0,(anonymous_18)
FNDA:0,(anonymous_19)
DA:1,1
DA:2,1
DA:3,1
DA:4,1
DA:5,1
DA:6,1
DA:7,1
DA:8,1
DA:9,1
DA:10,1
DA:11,1
DA:12,1
DA:13,1
DA:16,1
DA:30,1
DA:33,1
DA:35,0
DA:38,0
DA:39,0
DA:42,1
DA:45,1
DA:46,0
DA:47,0
DA:48,0
DA:54,0
DA:59,1
DA:60,0
DA:61,0
DA:62,0
DA:68,0
DA:73,1
DA:74,0
DA:75,0
DA:78,0
DA:79,0
DA:82,0
DA:84,0
DA:87,0
DA:88,0
DA:89,0
DA:90,0
DA:91,0
DA:92,0
DA:95,0
DA:99,0
DA:100,0
DA:102,0
DA:106,1
DA:107,0
DA:108,0
DA:111,0
DA:112,0
DA:115,0
DA:117,0
DA:120,0
DA:121,0
DA:122,0
DA:123,0
DA:124,0
DA:126,0
DA:130,0
DA:131,0
DA:133,0
DA:138,1
DA:139,0
DA:140,0
DA:141,0
DA:143,0
DA:148,1
DA:149,0
DA:150,0
DA:151,0
DA:153,0
DA:157,1
DA:159,1
DA:160,0
DA:161,0
DA:162,0
DA:164,0
DA:168,1
DA:169,0
DA:170,0
DA:171,0
DA:173,0
DA:178,1
DA:179,0
DA:180,0
DA:182,0
DA:187,1
DA:188,0
DA:189,0
DA:191,0
DA:196,1
DA:197,0
DA:198,0
DA:199,0
DA:201,0
DA:206,1
DA:207,0
DA:208,0
DA:209,0
DA:215,0
DA:220,1
DA:221,0
DA:222,0
DA:223,0
DA:229,0
DA:233,1
DA:234,0
DA:235,0
DA:236,0
DA:237,0
DA:239,0
DA:241,0
DA:242,0
DA:244,0
DA:249,1
DA:250,0
DA:251,0
DA:252,0
DA:258,0
DA:262,1
DA:263,0
DA:264,0
DA:265,0
DA:266,0
DA:268,0
DA:270,0
DA:271,0
DA:273,0
DA:278,1
DA:279,0
DA:280,0
DA:281,0
DA:286,0
DA:290,1
DA:291,0
DA:292,0
DA:294,0
DA:298,1
LF:140
LH:37
BRDA:78,0,0,0
BRDA:78,0,1,0
BRDA:78,1,0,0
BRDA:78,1,1,0
BRDA:87,2,0,0
BRDA:87,2,1,0
BRDA:87,3,0,0
BRDA:87,3,1,0
BRDA:90,4,0,0
BRDA:90,4,1,0
BRDA:99,5,0,0
BRDA:99,5,1,0
BRDA:99,6,0,0
BRDA:99,6,1,0
BRDA:100,7,0,0
BRDA:100,7,1,0
BRDA:111,8,0,0
BRDA:111,8,1,0
BRDA:111,9,0,0
BRDA:111,9,1,0
BRDA:120,10,0,0
BRDA:120,10,1,0
BRDA:120,11,0,0
BRDA:120,11,1,0
BRDA:130,12,0,0
BRDA:130,12,1,0
BRDA:130,13,0,0
BRDA:130,13,1,0
BRDA:131,14,0,0
BRDA:131,14,1,0
BRDA:236,15,0,0
BRDA:236,15,1,0
BRDA:236,16,0,0
BRDA:236,16,1,0
BRDA:241,17,0,0
BRDA:241,17,1,0
BRDA:241,18,0,0
BRDA:241,18,1,0
BRDA:265,19,0,0
BRDA:265,19,1,0
BRDA:265,20,0,0
BRDA:265,20,1,0
BRDA:270,21,0,0
BRDA:270,21,1,0
BRDA:270,22,0,0
BRDA:270,22,1,0
BRF:46
BRH:0
end_of_record
TN:
SF:src\services\imageService.js
FN:5,(anonymous_0)
FN:10,(anonymous_1)
FN:17,(anonymous_2)
FN:39,(anonymous_3)
FN:50,(anonymous_4)
FN:60,(anonymous_5)
FN:74,(anonymous_6)
FN:96,(anonymous_7)
FNF:8
FNH:1
FNDA:1,(anonymous_0)
FNDA:0,(anonymous_1)
FNDA:0,(anonymous_2)
FNDA:0,(anonymous_3)
FNDA:0,(anonymous_4)
FNDA:0,(anonymous_5)
FNDA:0,(anonymous_6)
FNDA:0,(anonymous_7)
DA:1,1
DA:2,1
DA:6,1
DA:7,1
DA:11,0
DA:12,0
DA:13,0
DA:14,0
DA:18,0
DA:20,0
DA:21,0
DA:22,0
DA:25,0
DA:27,0
DA:28,0
DA:29,0
DA:32,0
DA:34,0
DA:35,0
DA:40,0
DA:41,0
DA:42,0
DA:43,0
DA:45,0
DA:46,0
DA:51,0
DA:57,0
DA:61,0
DA:62,0
DA:63,0
DA:65,0
DA:67,0
DA:68,0
DA:71,0
DA:75,0
DA:77,0
DA:78,0
DA:80,0
DA:87,0
DA:97,0
DA:101,1
LF:41
LH:5
BRDA:6,0,0,1
BRDA:6,0,1,1
BRDA:11,1,0,0
BRDA:11,1,1,0
BRDA:13,2,0,0
BRDA:13,2,1,0
BRDA:18,3,0,0
BRDA:18,3,1,0
BRDA:22,4,0,0
BRDA:22,4,1,0
BRDA:27,5,0,0
BRDA:27,5,1,0
BRDA:50,6,0,0
BRDA:57,7,0,0
BRDA:57,7,1,0
BRDA:60,8,0,0
BRDA:67,9,0,0
BRDA:67,9,1,0
BRDA:75,10,0,0
BRDA:75,10,1,0
BRDA:78,11,0,0
BRDA:78,11,1,0
BRDA:96,12,0,0
BRF:23
BRH:2
end_of_record
TN:
SF:src\utils\ability.js
FN:3,defineAbilitiesFor
FNF:1
FNH:1
FNDA:2,defineAbilitiesFor
DA:1,1
DA:4,2
DA:6,2
DA:7,2
DA:10,0
DA:11,0
DA:12,0
DA:14,0
DA:17,0
DA:18,0
DA:19,0
DA:21,0
DA:22,0
DA:23,0
DA:24,0
DA:25,0
DA:28,0
DA:29,0
DA:30,0
DA:31,0
DA:32,0
DA:34,0
DA:35,0
DA:38,0
DA:41,1
LF:25
LH:5
BRDA:6,0,0,2
BRDA:6,0,1,0
BRDA:10,1,0,0
BRDA:10,1,1,0
BRDA:12,2,0,0
BRDA:12,2,1,0
BRDA:12,3,0,0
BRDA:12,3,1,0
BRDA:19,4,0,0
BRDA:19,4,1,0
BRDA:32,5,0,0
BRDA:32,5,1,0
BRF:12
BRH:1
end_of_record
TN:
SF:src\utils\entityValidators.js
FNF:0
FNH:0
DA:1,1
DA:6,1
DA:24,1
DA:78,1
LF:4
LH:4
BRF:0
BRH:0
end_of_record
TN:
SF:src\utils\index.js
FNF:0
FNH:0
DA:15,1
DA:23,1
DA:29,1
DA:39,1
DA:42,1
DA:53,1
DA:58,1
DA:63,1
LF:8
LH:8
BRF:0
BRH:0
end_of_record
TN:
SF:src\utils\productValidators.js
FN:39,(anonymous_0)
FN:53,(anonymous_1)
FN:61,(anonymous_2)
FN:73,(anonymous_3)
FN:90,(anonymous_4)
FN:109,(anonymous_5)
FN:171,(anonymous_6)
FN:182,(anonymous_7)
FN:190,(anonymous_8)
FN:200,(anonymous_9)
FN:219,(anonymous_10)
FN:293,(anonymous_11)
FNF:12
FNH:0
FNDA:0,(anonymous_0)
FNDA:0,(anonymous_1)
FNDA:0,(anonymous_2)
FNDA:0,(anonymous_3)
FNDA:0,(anonymous_4)
FNDA:0,(anonymous_5)
FNDA:0,(anonymous_6)
FNDA:0,(anonymous_7)
FNDA:0,(anonymous_8)
FNDA:0,(anonymous_9)
FNDA:0,(anonymous_10)
FNDA:0,(anonymous_11)
DA:1,1
DA:6,1
DA:40,0
DA:42,0
DA:44,0
DA:54,0
DA:55,0
DA:57,0
DA:62,0
DA:67,0
DA:69,0
DA:75,0
DA:76,0
DA:80,0
DA:81,0
DA:82,0
DA:83,0
DA:86,0
DA:92,0
DA:93,0
DA:97,0
DA:98,0
DA:99,0
DA:100,0
DA:103,0
DA:110,0
DA:132,1
DA:172,0
DA:173,0
DA:175,0
DA:183,0
DA:184,0
DA:186,0
DA:191,0
DA:192,0
DA:193,0
DA:194,0
DA:196,0
DA:202,0
DA:203,0
DA:207,0
DA:208,0
DA:209,0
DA:210,0
DA:213,0
DA:220,0
DA:242,1
DA:273,1
DA:294,0
DA:295,0
DA:297,0
DA:298,0
DA:300,0
DA:307,1
DA:320,1
DA:330,1
DA:336,1
LF:57
LH:9
BRDA:40,0,0,0
BRDA:40,0,1,0
BRDA:40,1,0,0
BRDA:40,1,1,0
BRDA:54,2,0,0
BRDA:54,2,1,0
BRDA:54,3,0,0
BRDA:54,3,1,0
BRDA:62,4,0,0
BRDA:62,4,1,0
BRDA:63,5,0,0
BRDA:63,5,1,0
BRDA:63,5,2,0
BRDA:75,6,0,0
BRDA:75,6,1,0
BRDA:75,7,0,0
BRDA:75,7,1,0
BRDA:80,8,0,0
BRDA:80,8,1,0
BRDA:80,9,0,0
BRDA:80,9,1,0
BRDA:82,10,0,0
BRDA:82,10,1,0
BRDA:82,11,0,0
BRDA:82,11,1,0
BRDA:82,11,2,0
BRDA:92,12,0,0
BRDA:92,12,1,0
BRDA:92,13,0,0
BRDA:92,13,1,0
BRDA:97,14,0,0
BRDA:97,14,1,0
BRDA:97,15,0,0
BRDA:97,15,1,0
BRDA:99,16,0,0
BRDA:99,16,1,0
BRDA:99,17,0,0
BRDA:99,17,1,0
BRDA:99,17,2,0
BRDA:110,18,0,0
BRDA:110,18,1,0
BRDA:110,18,2,0
BRDA:110,18,3,0
BRDA:110,18,4,0
BRDA:172,19,0,0
BRDA:172,19,1,0
BRDA:172,20,0,0
BRDA:172,20,1,0
BRDA:183,21,0,0
BRDA:183,21,1,0
BRDA:183,22,0,0
BRDA:183,22,1,0
BRDA:193,23,0,0
BRDA:193,23,1,0
BRDA:193,24,0,0
BRDA:193,24,1,0
BRDA:202,25,0,0
BRDA:202,25,1,0
BRDA:202,26,0,0
BRDA:202,26,1,0
BRDA:207,27,0,0
BRDA:207,27,1,0
BRDA:207,28,0,0
BRDA:207,28,1,0
BRDA:209,29,0,0
BRDA:209,29,1,0
BRDA:209,30,0,0
BRDA:209,30,1,0
BRDA:209,30,2,0
BRDA:220,31,0,0
BRDA:220,31,1,0
BRDA:220,31,2,0
BRDA:220,31,3,0
BRDA:220,31,4,0
BRDA:294,32,0,0
BRDA:294,32,1,0
BRDA:294,33,0,0
BRDA:294,33,1,0
BRDA:294,33,2,0
BRDA:297,34,0,0
BRDA:297,34,1,0
BRDA:297,35,0,0
BRDA:297,35,1,0
BRF:83
BRH:0
end_of_record
TN:
SF:src\utils\stockValidators.js
FN:18,(anonymous_0)
FN:50,(anonymous_1)
FN:84,(anonymous_2)
FN:87,(anonymous_3)
FN:104,(anonymous_4)
FN:123,(anonymous_5)
FN:124,(anonymous_6)
FN:131,(anonymous_7)
FNF:8
FNH:0
FNDA:0,(anonymous_0)
FNDA:0,(anonymous_1)
FNDA:0,(anonymous_2)
FNDA:0,(anonymous_3)
FNDA:0,(anonymous_4)
FNDA:0,(anonymous_5)
FNDA:0,(anonymous_6)
FNDA:0,(anonymous_7)
DA:1,1
DA:6,1
DA:19,0
DA:21,0
DA:23,0
DA:41,1
DA:50,1
DA:51,0
DA:52,0
DA:53,0
DA:56,0
DA:57,0
DA:64,0
DA:65,0
DA:68,0
DA:69,0
DA:76,0
DA:77,0
DA:84,0
DA:86,0
DA:87,0
DA:88,0
DA:94,0
DA:96,0
DA:97,0
DA:104,1
DA:105,0
DA:106,0
DA:107,0
DA:108,0
DA:111,0
DA:112,0
DA:116,0
DA:123,0
DA:124,0
DA:127,0
DA:128,0
DA:131,0
DA:132,0
DA:139,0
DA:140,0
DA:145,0
DA:147,0
DA:148,0
DA:152,1
LF:45
LH:6
BRDA:19,0,0,0
BRDA:19,0,1,0
BRDA:56,1,0,0
BRDA:56,1,1,0
BRDA:64,2,0,0
BRDA:64,2,1,0
BRDA:68,3,0,0
BRDA:68,3,1,0
BRDA:76,4,0,0
BRDA:76,4,1,0
BRDA:76,5,0,0
BRDA:76,5,1,0
BRDA:86,6,0,0
BRDA:86,6,1,0
BRDA:111,7,0,0
BRDA:111,7,1,0
BRDA:127,8,0,0
BRDA:127,8,1,0
BRDA:139,9,0,0
BRDA:139,9,1,0
BRF:20
BRH:0
end_of_record
